ARM GAS  /tmp/ccDqXrl8.s 			page 1


   1              		.cpu cortex-m4
   2              		.eabi_attribute 27, 1
   3              		.eabi_attribute 28, 1
   4              		.eabi_attribute 20, 1
   5              		.eabi_attribute 21, 1
   6              		.eabi_attribute 23, 3
   7              		.eabi_attribute 24, 1
   8              		.eabi_attribute 25, 1
   9              		.eabi_attribute 26, 1
  10              		.eabi_attribute 30, 1
  11              		.eabi_attribute 34, 1
  12              		.eabi_attribute 18, 4
  13              		.file	"stm32f4xx_it.c"
  14              		.text
  15              	.Ltext0:
  16              		.cfi_sections	.debug_frame
  17              		.section	.text.NMI_Handler,"ax",%progbits
  18              		.align	1
  19              		.global	NMI_Handler
  20              		.arch armv7e-m
  21              		.syntax unified
  22              		.thumb
  23              		.thumb_func
  24              		.fpu fpv4-sp-d16
  26              	NMI_Handler:
  27              	.LFB235:
  28              		.file 1 "Core/Src/stm32f4xx_it.c"
   1:Core/Src/stm32f4xx_it.c **** /* USER CODE BEGIN Header */
   2:Core/Src/stm32f4xx_it.c **** /**
   3:Core/Src/stm32f4xx_it.c ****   ******************************************************************************
   4:Core/Src/stm32f4xx_it.c ****   * @file    stm32f4xx_it.c
   5:Core/Src/stm32f4xx_it.c ****   * @brief   Interrupt Service Routines.
   6:Core/Src/stm32f4xx_it.c ****   ******************************************************************************
   7:Core/Src/stm32f4xx_it.c ****   * @attention
   8:Core/Src/stm32f4xx_it.c ****   *
   9:Core/Src/stm32f4xx_it.c ****   * Copyright (c) 2023 STMicroelectronics.
  10:Core/Src/stm32f4xx_it.c ****   * All rights reserved.
  11:Core/Src/stm32f4xx_it.c ****   *
  12:Core/Src/stm32f4xx_it.c ****   * This software is licensed under terms that can be found in the LICENSE file
  13:Core/Src/stm32f4xx_it.c ****   * in the root directory of this software component.
  14:Core/Src/stm32f4xx_it.c ****   * If no LICENSE file comes with this software, it is provided AS-IS.
  15:Core/Src/stm32f4xx_it.c ****   *
  16:Core/Src/stm32f4xx_it.c ****   ******************************************************************************
  17:Core/Src/stm32f4xx_it.c ****   */
  18:Core/Src/stm32f4xx_it.c **** /* USER CODE END Header */
  19:Core/Src/stm32f4xx_it.c **** 
  20:Core/Src/stm32f4xx_it.c **** /* Includes ------------------------------------------------------------------*/
  21:Core/Src/stm32f4xx_it.c **** #include "main.h"
  22:Core/Src/stm32f4xx_it.c **** #include "stm32f4xx_it.h"
  23:Core/Src/stm32f4xx_it.c **** /* Private includes ----------------------------------------------------------*/
  24:Core/Src/stm32f4xx_it.c **** /* USER CODE BEGIN Includes */
  25:Core/Src/stm32f4xx_it.c **** /* USER CODE END Includes */
  26:Core/Src/stm32f4xx_it.c **** 
  27:Core/Src/stm32f4xx_it.c **** /* Private typedef -----------------------------------------------------------*/
  28:Core/Src/stm32f4xx_it.c **** /* USER CODE BEGIN TD */
  29:Core/Src/stm32f4xx_it.c **** 
  30:Core/Src/stm32f4xx_it.c **** /* USER CODE END TD */
ARM GAS  /tmp/ccDqXrl8.s 			page 2


  31:Core/Src/stm32f4xx_it.c **** 
  32:Core/Src/stm32f4xx_it.c **** /* Private define ------------------------------------------------------------*/
  33:Core/Src/stm32f4xx_it.c **** /* USER CODE BEGIN PD */
  34:Core/Src/stm32f4xx_it.c **** 
  35:Core/Src/stm32f4xx_it.c **** /* USER CODE END PD */
  36:Core/Src/stm32f4xx_it.c **** 
  37:Core/Src/stm32f4xx_it.c **** /* Private macro -------------------------------------------------------------*/
  38:Core/Src/stm32f4xx_it.c **** /* USER CODE BEGIN PM */
  39:Core/Src/stm32f4xx_it.c **** 
  40:Core/Src/stm32f4xx_it.c **** /* USER CODE END PM */
  41:Core/Src/stm32f4xx_it.c **** 
  42:Core/Src/stm32f4xx_it.c **** /* Private variables ---------------------------------------------------------*/
  43:Core/Src/stm32f4xx_it.c **** /* USER CODE BEGIN PV */
  44:Core/Src/stm32f4xx_it.c **** 
  45:Core/Src/stm32f4xx_it.c **** /* USER CODE END PV */
  46:Core/Src/stm32f4xx_it.c **** 
  47:Core/Src/stm32f4xx_it.c **** /* Private function prototypes -----------------------------------------------*/
  48:Core/Src/stm32f4xx_it.c **** /* USER CODE BEGIN PFP */
  49:Core/Src/stm32f4xx_it.c **** 
  50:Core/Src/stm32f4xx_it.c **** /* USER CODE END PFP */
  51:Core/Src/stm32f4xx_it.c **** 
  52:Core/Src/stm32f4xx_it.c **** /* Private user code ---------------------------------------------------------*/
  53:Core/Src/stm32f4xx_it.c **** /* USER CODE BEGIN 0 */
  54:Core/Src/stm32f4xx_it.c **** 
  55:Core/Src/stm32f4xx_it.c **** /* USER CODE END 0 */
  56:Core/Src/stm32f4xx_it.c **** 
  57:Core/Src/stm32f4xx_it.c **** /* External variables --------------------------------------------------------*/
  58:Core/Src/stm32f4xx_it.c **** extern PCD_HandleTypeDef hpcd_USB_OTG_FS;
  59:Core/Src/stm32f4xx_it.c **** /* USER CODE BEGIN EV */
  60:Core/Src/stm32f4xx_it.c **** 
  61:Core/Src/stm32f4xx_it.c **** /* USER CODE END EV */
  62:Core/Src/stm32f4xx_it.c **** 
  63:Core/Src/stm32f4xx_it.c **** /******************************************************************************/
  64:Core/Src/stm32f4xx_it.c **** /*           Cortex-M4 Processor Interruption and Exception Handlers          */
  65:Core/Src/stm32f4xx_it.c **** /******************************************************************************/
  66:Core/Src/stm32f4xx_it.c **** /**
  67:Core/Src/stm32f4xx_it.c ****   * @brief This function handles Non maskable interrupt.
  68:Core/Src/stm32f4xx_it.c ****   */
  69:Core/Src/stm32f4xx_it.c **** void NMI_Handler(void)
  70:Core/Src/stm32f4xx_it.c **** {
  29              		.loc 1 70 1 view -0
  30              		.cfi_startproc
  31              		@ Volatile: function does not return.
  32              		@ args = 0, pretend = 0, frame = 0
  33              		@ frame_needed = 0, uses_anonymous_args = 0
  34              		@ link register save eliminated.
  35              	.L2:
  71:Core/Src/stm32f4xx_it.c ****   /* USER CODE BEGIN NonMaskableInt_IRQn 0 */
  72:Core/Src/stm32f4xx_it.c **** 
  73:Core/Src/stm32f4xx_it.c ****   /* USER CODE END NonMaskableInt_IRQn 0 */
  74:Core/Src/stm32f4xx_it.c ****   /* USER CODE BEGIN NonMaskableInt_IRQn 1 */
  75:Core/Src/stm32f4xx_it.c ****   while (1)
  36              		.loc 1 75 3 discriminator 1 view .LVU1
  76:Core/Src/stm32f4xx_it.c ****   {
  77:Core/Src/stm32f4xx_it.c ****   }
  37              		.loc 1 77 3 discriminator 1 view .LVU2
  38 0000 FEE7     		b	.L2
ARM GAS  /tmp/ccDqXrl8.s 			page 3


  39              		.cfi_endproc
  40              	.LFE235:
  42              		.section	.text.HardFault_Handler,"ax",%progbits
  43              		.align	1
  44              		.global	HardFault_Handler
  45              		.syntax unified
  46              		.thumb
  47              		.thumb_func
  48              		.fpu fpv4-sp-d16
  50              	HardFault_Handler:
  51              	.LFB236:
  78:Core/Src/stm32f4xx_it.c ****   /* USER CODE END NonMaskableInt_IRQn 1 */
  79:Core/Src/stm32f4xx_it.c **** }
  80:Core/Src/stm32f4xx_it.c **** 
  81:Core/Src/stm32f4xx_it.c **** /**
  82:Core/Src/stm32f4xx_it.c ****   * @brief This function handles Hard fault interrupt.
  83:Core/Src/stm32f4xx_it.c ****   */
  84:Core/Src/stm32f4xx_it.c **** void HardFault_Handler(void)
  85:Core/Src/stm32f4xx_it.c **** {
  52              		.loc 1 85 1 view -0
  53              		.cfi_startproc
  54              		@ Volatile: function does not return.
  55              		@ args = 0, pretend = 0, frame = 0
  56              		@ frame_needed = 0, uses_anonymous_args = 0
  57              		@ link register save eliminated.
  58              	.L4:
  86:Core/Src/stm32f4xx_it.c ****   /* USER CODE BEGIN HardFault_IRQn 0 */
  87:Core/Src/stm32f4xx_it.c **** 
  88:Core/Src/stm32f4xx_it.c ****   /* USER CODE END HardFault_IRQn 0 */
  89:Core/Src/stm32f4xx_it.c ****   while (1)
  59              		.loc 1 89 3 discriminator 1 view .LVU4
  90:Core/Src/stm32f4xx_it.c ****   {
  91:Core/Src/stm32f4xx_it.c ****     /* USER CODE BEGIN W1_HardFault_IRQn 0 */
  92:Core/Src/stm32f4xx_it.c ****     /* USER CODE END W1_HardFault_IRQn 0 */
  93:Core/Src/stm32f4xx_it.c ****   }
  60              		.loc 1 93 3 discriminator 1 view .LVU5
  61 0000 FEE7     		b	.L4
  62              		.cfi_endproc
  63              	.LFE236:
  65              		.section	.text.MemManage_Handler,"ax",%progbits
  66              		.align	1
  67              		.global	MemManage_Handler
  68              		.syntax unified
  69              		.thumb
  70              		.thumb_func
  71              		.fpu fpv4-sp-d16
  73              	MemManage_Handler:
  74              	.LFB237:
  94:Core/Src/stm32f4xx_it.c **** }
  95:Core/Src/stm32f4xx_it.c **** 
  96:Core/Src/stm32f4xx_it.c **** /**
  97:Core/Src/stm32f4xx_it.c ****   * @brief This function handles Memory management fault.
  98:Core/Src/stm32f4xx_it.c ****   */
  99:Core/Src/stm32f4xx_it.c **** void MemManage_Handler(void)
 100:Core/Src/stm32f4xx_it.c **** {
  75              		.loc 1 100 1 view -0
  76              		.cfi_startproc
ARM GAS  /tmp/ccDqXrl8.s 			page 4


  77              		@ Volatile: function does not return.
  78              		@ args = 0, pretend = 0, frame = 0
  79              		@ frame_needed = 0, uses_anonymous_args = 0
  80              		@ link register save eliminated.
  81              	.L6:
 101:Core/Src/stm32f4xx_it.c ****   /* USER CODE BEGIN MemoryManagement_IRQn 0 */
 102:Core/Src/stm32f4xx_it.c **** 
 103:Core/Src/stm32f4xx_it.c ****   /* USER CODE END MemoryManagement_IRQn 0 */
 104:Core/Src/stm32f4xx_it.c ****   while (1)
  82              		.loc 1 104 3 discriminator 1 view .LVU7
 105:Core/Src/stm32f4xx_it.c ****   {
 106:Core/Src/stm32f4xx_it.c ****     /* USER CODE BEGIN W1_MemoryManagement_IRQn 0 */
 107:Core/Src/stm32f4xx_it.c ****     /* USER CODE END W1_MemoryManagement_IRQn 0 */
 108:Core/Src/stm32f4xx_it.c ****   }
  83              		.loc 1 108 3 discriminator 1 view .LVU8
  84 0000 FEE7     		b	.L6
  85              		.cfi_endproc
  86              	.LFE237:
  88              		.section	.text.BusFault_Handler,"ax",%progbits
  89              		.align	1
  90              		.global	BusFault_Handler
  91              		.syntax unified
  92              		.thumb
  93              		.thumb_func
  94              		.fpu fpv4-sp-d16
  96              	BusFault_Handler:
  97              	.LFB238:
 109:Core/Src/stm32f4xx_it.c **** }
 110:Core/Src/stm32f4xx_it.c **** 
 111:Core/Src/stm32f4xx_it.c **** /**
 112:Core/Src/stm32f4xx_it.c ****   * @brief This function handles Pre-fetch fault, memory access fault.
 113:Core/Src/stm32f4xx_it.c ****   */
 114:Core/Src/stm32f4xx_it.c **** void BusFault_Handler(void)
 115:Core/Src/stm32f4xx_it.c **** {
  98              		.loc 1 115 1 view -0
  99              		.cfi_startproc
 100              		@ Volatile: function does not return.
 101              		@ args = 0, pretend = 0, frame = 0
 102              		@ frame_needed = 0, uses_anonymous_args = 0
 103              		@ link register save eliminated.
 104              	.L8:
 116:Core/Src/stm32f4xx_it.c ****   /* USER CODE BEGIN BusFault_IRQn 0 */
 117:Core/Src/stm32f4xx_it.c **** 
 118:Core/Src/stm32f4xx_it.c ****   /* USER CODE END BusFault_IRQn 0 */
 119:Core/Src/stm32f4xx_it.c ****   while (1)
 105              		.loc 1 119 3 discriminator 1 view .LVU10
 120:Core/Src/stm32f4xx_it.c ****   {
 121:Core/Src/stm32f4xx_it.c ****     /* USER CODE BEGIN W1_BusFault_IRQn 0 */
 122:Core/Src/stm32f4xx_it.c ****     /* USER CODE END W1_BusFault_IRQn 0 */
 123:Core/Src/stm32f4xx_it.c ****   }
 106              		.loc 1 123 3 discriminator 1 view .LVU11
 107 0000 FEE7     		b	.L8
 108              		.cfi_endproc
 109              	.LFE238:
 111              		.section	.text.UsageFault_Handler,"ax",%progbits
 112              		.align	1
 113              		.global	UsageFault_Handler
ARM GAS  /tmp/ccDqXrl8.s 			page 5


 114              		.syntax unified
 115              		.thumb
 116              		.thumb_func
 117              		.fpu fpv4-sp-d16
 119              	UsageFault_Handler:
 120              	.LFB239:
 124:Core/Src/stm32f4xx_it.c **** }
 125:Core/Src/stm32f4xx_it.c **** 
 126:Core/Src/stm32f4xx_it.c **** /**
 127:Core/Src/stm32f4xx_it.c ****   * @brief This function handles Undefined instruction or illegal state.
 128:Core/Src/stm32f4xx_it.c ****   */
 129:Core/Src/stm32f4xx_it.c **** void UsageFault_Handler(void)
 130:Core/Src/stm32f4xx_it.c **** {
 121              		.loc 1 130 1 view -0
 122              		.cfi_startproc
 123              		@ Volatile: function does not return.
 124              		@ args = 0, pretend = 0, frame = 0
 125              		@ frame_needed = 0, uses_anonymous_args = 0
 126              		@ link register save eliminated.
 127              	.L10:
 131:Core/Src/stm32f4xx_it.c ****   /* USER CODE BEGIN UsageFault_IRQn 0 */
 132:Core/Src/stm32f4xx_it.c **** 
 133:Core/Src/stm32f4xx_it.c ****   /* USER CODE END UsageFault_IRQn 0 */
 134:Core/Src/stm32f4xx_it.c ****   while (1)
 128              		.loc 1 134 3 discriminator 1 view .LVU13
 135:Core/Src/stm32f4xx_it.c ****   {
 136:Core/Src/stm32f4xx_it.c ****     /* USER CODE BEGIN W1_UsageFault_IRQn 0 */
 137:Core/Src/stm32f4xx_it.c ****     /* USER CODE END W1_UsageFault_IRQn 0 */
 138:Core/Src/stm32f4xx_it.c ****   }
 129              		.loc 1 138 3 discriminator 1 view .LVU14
 130 0000 FEE7     		b	.L10
 131              		.cfi_endproc
 132              	.LFE239:
 134              		.section	.text.SVC_Handler,"ax",%progbits
 135              		.align	1
 136              		.global	SVC_Handler
 137              		.syntax unified
 138              		.thumb
 139              		.thumb_func
 140              		.fpu fpv4-sp-d16
 142              	SVC_Handler:
 143              	.LFB240:
 139:Core/Src/stm32f4xx_it.c **** }
 140:Core/Src/stm32f4xx_it.c **** 
 141:Core/Src/stm32f4xx_it.c **** /**
 142:Core/Src/stm32f4xx_it.c ****   * @brief This function handles System service call via SWI instruction.
 143:Core/Src/stm32f4xx_it.c ****   */
 144:Core/Src/stm32f4xx_it.c **** void SVC_Handler(void)
 145:Core/Src/stm32f4xx_it.c **** {
 144              		.loc 1 145 1 view -0
 145              		.cfi_startproc
 146              		@ args = 0, pretend = 0, frame = 0
 147              		@ frame_needed = 0, uses_anonymous_args = 0
 148              		@ link register save eliminated.
 146:Core/Src/stm32f4xx_it.c ****   /* USER CODE BEGIN SVCall_IRQn 0 */
 147:Core/Src/stm32f4xx_it.c **** 
 148:Core/Src/stm32f4xx_it.c ****   /* USER CODE END SVCall_IRQn 0 */
ARM GAS  /tmp/ccDqXrl8.s 			page 6


 149:Core/Src/stm32f4xx_it.c ****   /* USER CODE BEGIN SVCall_IRQn 1 */
 150:Core/Src/stm32f4xx_it.c **** 
 151:Core/Src/stm32f4xx_it.c ****   /* USER CODE END SVCall_IRQn 1 */
 152:Core/Src/stm32f4xx_it.c **** }
 149              		.loc 1 152 1 view .LVU16
 150 0000 7047     		bx	lr
 151              		.cfi_endproc
 152              	.LFE240:
 154              		.section	.text.DebugMon_Handler,"ax",%progbits
 155              		.align	1
 156              		.global	DebugMon_Handler
 157              		.syntax unified
 158              		.thumb
 159              		.thumb_func
 160              		.fpu fpv4-sp-d16
 162              	DebugMon_Handler:
 163              	.LFB241:
 153:Core/Src/stm32f4xx_it.c **** 
 154:Core/Src/stm32f4xx_it.c **** /**
 155:Core/Src/stm32f4xx_it.c ****   * @brief This function handles Debug monitor.
 156:Core/Src/stm32f4xx_it.c ****   */
 157:Core/Src/stm32f4xx_it.c **** void DebugMon_Handler(void)
 158:Core/Src/stm32f4xx_it.c **** {
 164              		.loc 1 158 1 view -0
 165              		.cfi_startproc
 166              		@ args = 0, pretend = 0, frame = 0
 167              		@ frame_needed = 0, uses_anonymous_args = 0
 168              		@ link register save eliminated.
 159:Core/Src/stm32f4xx_it.c ****   /* USER CODE BEGIN DebugMonitor_IRQn 0 */
 160:Core/Src/stm32f4xx_it.c **** 
 161:Core/Src/stm32f4xx_it.c ****   /* USER CODE END DebugMonitor_IRQn 0 */
 162:Core/Src/stm32f4xx_it.c ****   /* USER CODE BEGIN DebugMonitor_IRQn 1 */
 163:Core/Src/stm32f4xx_it.c **** 
 164:Core/Src/stm32f4xx_it.c ****   /* USER CODE END DebugMonitor_IRQn 1 */
 165:Core/Src/stm32f4xx_it.c **** }
 169              		.loc 1 165 1 view .LVU18
 170 0000 7047     		bx	lr
 171              		.cfi_endproc
 172              	.LFE241:
 174              		.section	.text.PendSV_Handler,"ax",%progbits
 175              		.align	1
 176              		.global	PendSV_Handler
 177              		.syntax unified
 178              		.thumb
 179              		.thumb_func
 180              		.fpu fpv4-sp-d16
 182              	PendSV_Handler:
 183              	.LFB242:
 166:Core/Src/stm32f4xx_it.c **** 
 167:Core/Src/stm32f4xx_it.c **** /**
 168:Core/Src/stm32f4xx_it.c ****   * @brief This function handles Pendable request for system service.
 169:Core/Src/stm32f4xx_it.c ****   */
 170:Core/Src/stm32f4xx_it.c **** void PendSV_Handler(void)
 171:Core/Src/stm32f4xx_it.c **** {
 184              		.loc 1 171 1 view -0
 185              		.cfi_startproc
 186              		@ args = 0, pretend = 0, frame = 0
ARM GAS  /tmp/ccDqXrl8.s 			page 7


 187              		@ frame_needed = 0, uses_anonymous_args = 0
 188              		@ link register save eliminated.
 172:Core/Src/stm32f4xx_it.c ****   /* USER CODE BEGIN PendSV_IRQn 0 */
 173:Core/Src/stm32f4xx_it.c **** 
 174:Core/Src/stm32f4xx_it.c ****   /* USER CODE END PendSV_IRQn 0 */
 175:Core/Src/stm32f4xx_it.c ****   /* USER CODE BEGIN PendSV_IRQn 1 */
 176:Core/Src/stm32f4xx_it.c **** 
 177:Core/Src/stm32f4xx_it.c ****   /* USER CODE END PendSV_IRQn 1 */
 178:Core/Src/stm32f4xx_it.c **** }
 189              		.loc 1 178 1 view .LVU20
 190 0000 7047     		bx	lr
 191              		.cfi_endproc
 192              	.LFE242:
 194              		.section	.text.SysTick_Handler,"ax",%progbits
 195              		.align	1
 196              		.global	SysTick_Handler
 197              		.syntax unified
 198              		.thumb
 199              		.thumb_func
 200              		.fpu fpv4-sp-d16
 202              	SysTick_Handler:
 203              	.LFB243:
 179:Core/Src/stm32f4xx_it.c **** 
 180:Core/Src/stm32f4xx_it.c **** /**
 181:Core/Src/stm32f4xx_it.c ****   * @brief This function handles System tick timer.
 182:Core/Src/stm32f4xx_it.c ****   */
 183:Core/Src/stm32f4xx_it.c **** void SysTick_Handler(void)
 184:Core/Src/stm32f4xx_it.c **** {
 204              		.loc 1 184 1 view -0
 205              		.cfi_startproc
 206              		@ args = 0, pretend = 0, frame = 0
 207              		@ frame_needed = 0, uses_anonymous_args = 0
 208 0000 08B5     		push	{r3, lr}
 209              	.LCFI0:
 210              		.cfi_def_cfa_offset 8
 211              		.cfi_offset 3, -8
 212              		.cfi_offset 14, -4
 185:Core/Src/stm32f4xx_it.c ****   /* USER CODE BEGIN SysTick_IRQn 0 */
 186:Core/Src/stm32f4xx_it.c **** 
 187:Core/Src/stm32f4xx_it.c ****   /* USER CODE END SysTick_IRQn 0 */
 188:Core/Src/stm32f4xx_it.c ****   HAL_IncTick();
 213              		.loc 1 188 3 view .LVU22
 214 0002 FFF7FEFF 		bl	HAL_IncTick
 215              	.LVL0:
 189:Core/Src/stm32f4xx_it.c ****   /* USER CODE BEGIN SysTick_IRQn 1 */
 190:Core/Src/stm32f4xx_it.c **** 
 191:Core/Src/stm32f4xx_it.c ****   /* USER CODE END SysTick_IRQn 1 */
 192:Core/Src/stm32f4xx_it.c **** }
 216              		.loc 1 192 1 is_stmt 0 view .LVU23
 217 0006 08BD     		pop	{r3, pc}
 218              		.cfi_endproc
 219              	.LFE243:
 221              		.section	.text.OTG_FS_IRQHandler,"ax",%progbits
 222              		.align	1
 223              		.global	OTG_FS_IRQHandler
 224              		.syntax unified
 225              		.thumb
ARM GAS  /tmp/ccDqXrl8.s 			page 8


 226              		.thumb_func
 227              		.fpu fpv4-sp-d16
 229              	OTG_FS_IRQHandler:
 230              	.LFB244:
 193:Core/Src/stm32f4xx_it.c **** 
 194:Core/Src/stm32f4xx_it.c **** /******************************************************************************/
 195:Core/Src/stm32f4xx_it.c **** /* STM32F4xx Peripheral Interrupt Handlers                                    */
 196:Core/Src/stm32f4xx_it.c **** /* Add here the Interrupt Handlers for the used peripherals.                  */
 197:Core/Src/stm32f4xx_it.c **** /* For the available peripheral interrupt handler names,                      */
 198:Core/Src/stm32f4xx_it.c **** /* please refer to the startup file (startup_stm32f4xx.s).                    */
 199:Core/Src/stm32f4xx_it.c **** /******************************************************************************/
 200:Core/Src/stm32f4xx_it.c **** 
 201:Core/Src/stm32f4xx_it.c **** /**
 202:Core/Src/stm32f4xx_it.c ****   * @brief This function handles USB On The Go FS global interrupt.
 203:Core/Src/stm32f4xx_it.c ****   */
 204:Core/Src/stm32f4xx_it.c **** void OTG_FS_IRQHandler(void)
 205:Core/Src/stm32f4xx_it.c **** {
 231              		.loc 1 205 1 is_stmt 1 view -0
 232              		.cfi_startproc
 233              		@ args = 0, pretend = 0, frame = 0
 234              		@ frame_needed = 0, uses_anonymous_args = 0
 235 0000 08B5     		push	{r3, lr}
 236              	.LCFI1:
 237              		.cfi_def_cfa_offset 8
 238              		.cfi_offset 3, -8
 239              		.cfi_offset 14, -4
 206:Core/Src/stm32f4xx_it.c ****   /* USER CODE BEGIN OTG_FS_IRQn 0 */
 207:Core/Src/stm32f4xx_it.c **** 
 208:Core/Src/stm32f4xx_it.c ****   /* USER CODE END OTG_FS_IRQn 0 */
 209:Core/Src/stm32f4xx_it.c ****   HAL_PCD_IRQHandler(&hpcd_USB_OTG_FS);
 240              		.loc 1 209 3 view .LVU25
 241 0002 0248     		ldr	r0, .L18
 242 0004 FFF7FEFF 		bl	HAL_PCD_IRQHandler
 243              	.LVL1:
 210:Core/Src/stm32f4xx_it.c ****   /* USER CODE BEGIN OTG_FS_IRQn 1 */
 211:Core/Src/stm32f4xx_it.c **** 
 212:Core/Src/stm32f4xx_it.c ****   /* USER CODE END OTG_FS_IRQn 1 */
 213:Core/Src/stm32f4xx_it.c **** }
 244              		.loc 1 213 1 is_stmt 0 view .LVU26
 245 0008 08BD     		pop	{r3, pc}
 246              	.L19:
 247 000a 00BF     		.align	2
 248              	.L18:
 249 000c 00000000 		.word	hpcd_USB_OTG_FS
 250              		.cfi_endproc
 251              	.LFE244:
 253              		.text
 254              	.Letext0:
 255              		.file 2 "/usr/lib/gcc/arm-none-eabi/8.3.1/include/stdint.h"
 256              		.file 3 "Drivers/CMSIS/Include/core_cm4.h"
 257              		.file 4 "Drivers/CMSIS/Device/ST/STM32F4xx/Include/system_stm32f4xx.h"
 258              		.file 5 "Drivers/CMSIS/Device/ST/STM32F4xx/Include/stm32f407xx.h"
 259              		.file 6 "Drivers/STM32F4xx_HAL_Driver/Inc/stm32f4xx_hal_def.h"
 260              		.file 7 "Drivers/STM32F4xx_HAL_Driver/Inc/stm32f4xx_ll_usb.h"
 261              		.file 8 "Drivers/STM32F4xx_HAL_Driver/Inc/stm32f4xx_hal_pcd.h"
 262              		.file 9 "Drivers/STM32F4xx_HAL_Driver/Inc/stm32f4xx_hal.h"
ARM GAS  /tmp/ccDqXrl8.s 			page 9


DEFINED SYMBOLS
                            *ABS*:0000000000000000 stm32f4xx_it.c
     /tmp/ccDqXrl8.s:18     .text.NMI_Handler:0000000000000000 $t
     /tmp/ccDqXrl8.s:26     .text.NMI_Handler:0000000000000000 NMI_Handler
     /tmp/ccDqXrl8.s:43     .text.HardFault_Handler:0000000000000000 $t
     /tmp/ccDqXrl8.s:50     .text.HardFault_Handler:0000000000000000 HardFault_Handler
     /tmp/ccDqXrl8.s:66     .text.MemManage_Handler:0000000000000000 $t
     /tmp/ccDqXrl8.s:73     .text.MemManage_Handler:0000000000000000 MemManage_Handler
     /tmp/ccDqXrl8.s:89     .text.BusFault_Handler:0000000000000000 $t
     /tmp/ccDqXrl8.s:96     .text.BusFault_Handler:0000000000000000 BusFault_Handler
     /tmp/ccDqXrl8.s:112    .text.UsageFault_Handler:0000000000000000 $t
     /tmp/ccDqXrl8.s:119    .text.UsageFault_Handler:0000000000000000 UsageFault_Handler
     /tmp/ccDqXrl8.s:135    .text.SVC_Handler:0000000000000000 $t
     /tmp/ccDqXrl8.s:142    .text.SVC_Handler:0000000000000000 SVC_Handler
     /tmp/ccDqXrl8.s:155    .text.DebugMon_Handler:0000000000000000 $t
     /tmp/ccDqXrl8.s:162    .text.DebugMon_Handler:0000000000000000 DebugMon_Handler
     /tmp/ccDqXrl8.s:175    .text.PendSV_Handler:0000000000000000 $t
     /tmp/ccDqXrl8.s:182    .text.PendSV_Handler:0000000000000000 PendSV_Handler
     /tmp/ccDqXrl8.s:195    .text.SysTick_Handler:0000000000000000 $t
     /tmp/ccDqXrl8.s:202    .text.SysTick_Handler:0000000000000000 SysTick_Handler
     /tmp/ccDqXrl8.s:222    .text.OTG_FS_IRQHandler:0000000000000000 $t
     /tmp/ccDqXrl8.s:229    .text.OTG_FS_IRQHandler:0000000000000000 OTG_FS_IRQHandler
     /tmp/ccDqXrl8.s:249    .text.OTG_FS_IRQHandler:000000000000000c $d

UNDEFINED SYMBOLS
HAL_IncTick
HAL_PCD_IRQHandler
hpcd_USB_OTG_FS
