ARM GAS  /tmp/cc9HHm57.s 			page 1


   1              		.cpu cortex-m4
   2              		.eabi_attribute 27, 1
   3              		.eabi_attribute 28, 1
   4              		.eabi_attribute 20, 1
   5              		.eabi_attribute 21, 1
   6              		.eabi_attribute 23, 3
   7              		.eabi_attribute 24, 1
   8              		.eabi_attribute 25, 1
   9              		.eabi_attribute 26, 1
  10              		.eabi_attribute 30, 1
  11              		.eabi_attribute 34, 1
  12              		.eabi_attribute 18, 4
  13              		.file	"usbd_desc.c"
  14              		.text
  15              	.Ltext0:
  16              		.cfi_sections	.debug_frame
  17              		.section	.text.USBD_FS_DeviceDescriptor,"ax",%progbits
  18              		.align	1
  19              		.global	USBD_FS_DeviceDescriptor
  20              		.arch armv7e-m
  21              		.syntax unified
  22              		.thumb
  23              		.thumb_func
  24              		.fpu fpv4-sp-d16
  26              	USBD_FS_DeviceDescriptor:
  27              	.LVL0:
  28              	.LFB239:
  29              		.file 1 "USB_DEVICE/App/usbd_desc.c"
   1:USB_DEVICE/App/usbd_desc.c **** /* USER CODE BEGIN Header */
   2:USB_DEVICE/App/usbd_desc.c **** /**
   3:USB_DEVICE/App/usbd_desc.c ****   ******************************************************************************
   4:USB_DEVICE/App/usbd_desc.c ****   * @file           : App/usbd_desc.c
   5:USB_DEVICE/App/usbd_desc.c ****   * @version        : v1.0_Cube
   6:USB_DEVICE/App/usbd_desc.c ****   * @brief          : This file implements the USB device descriptors.
   7:USB_DEVICE/App/usbd_desc.c ****   ******************************************************************************
   8:USB_DEVICE/App/usbd_desc.c ****   * @attention
   9:USB_DEVICE/App/usbd_desc.c ****   *
  10:USB_DEVICE/App/usbd_desc.c ****   * Copyright (c) 2023 STMicroelectronics.
  11:USB_DEVICE/App/usbd_desc.c ****   * All rights reserved.
  12:USB_DEVICE/App/usbd_desc.c ****   *
  13:USB_DEVICE/App/usbd_desc.c ****   * This software is licensed under terms that can be found in the LICENSE file
  14:USB_DEVICE/App/usbd_desc.c ****   * in the root directory of this software component.
  15:USB_DEVICE/App/usbd_desc.c ****   * If no LICENSE file comes with this software, it is provided AS-IS.
  16:USB_DEVICE/App/usbd_desc.c ****   *
  17:USB_DEVICE/App/usbd_desc.c ****   ******************************************************************************
  18:USB_DEVICE/App/usbd_desc.c ****   */
  19:USB_DEVICE/App/usbd_desc.c **** /* USER CODE END Header */
  20:USB_DEVICE/App/usbd_desc.c **** 
  21:USB_DEVICE/App/usbd_desc.c **** /* Includes ------------------------------------------------------------------*/
  22:USB_DEVICE/App/usbd_desc.c **** #include "usbd_core.h"
  23:USB_DEVICE/App/usbd_desc.c **** #include "usbd_desc.h"
  24:USB_DEVICE/App/usbd_desc.c **** #include "usbd_conf.h"
  25:USB_DEVICE/App/usbd_desc.c **** 
  26:USB_DEVICE/App/usbd_desc.c **** /* USER CODE BEGIN INCLUDE */
  27:USB_DEVICE/App/usbd_desc.c **** 
  28:USB_DEVICE/App/usbd_desc.c **** /* USER CODE END INCLUDE */
  29:USB_DEVICE/App/usbd_desc.c **** 
ARM GAS  /tmp/cc9HHm57.s 			page 2


  30:USB_DEVICE/App/usbd_desc.c **** /* Private typedef -----------------------------------------------------------*/
  31:USB_DEVICE/App/usbd_desc.c **** /* Private define ------------------------------------------------------------*/
  32:USB_DEVICE/App/usbd_desc.c **** /* Private macro -------------------------------------------------------------*/
  33:USB_DEVICE/App/usbd_desc.c **** 
  34:USB_DEVICE/App/usbd_desc.c **** /* USER CODE BEGIN PV */
  35:USB_DEVICE/App/usbd_desc.c **** /* Private variables ---------------------------------------------------------*/
  36:USB_DEVICE/App/usbd_desc.c **** 
  37:USB_DEVICE/App/usbd_desc.c **** /* USER CODE END PV */
  38:USB_DEVICE/App/usbd_desc.c **** 
  39:USB_DEVICE/App/usbd_desc.c **** /** @addtogroup STM32_USB_OTG_DEVICE_LIBRARY
  40:USB_DEVICE/App/usbd_desc.c ****   * @{
  41:USB_DEVICE/App/usbd_desc.c ****   */
  42:USB_DEVICE/App/usbd_desc.c **** 
  43:USB_DEVICE/App/usbd_desc.c **** /** @addtogroup USBD_DESC
  44:USB_DEVICE/App/usbd_desc.c ****   * @{
  45:USB_DEVICE/App/usbd_desc.c ****   */
  46:USB_DEVICE/App/usbd_desc.c **** 
  47:USB_DEVICE/App/usbd_desc.c **** /** @defgroup USBD_DESC_Private_TypesDefinitions USBD_DESC_Private_TypesDefinitions
  48:USB_DEVICE/App/usbd_desc.c ****   * @brief Private types.
  49:USB_DEVICE/App/usbd_desc.c ****   * @{
  50:USB_DEVICE/App/usbd_desc.c ****   */
  51:USB_DEVICE/App/usbd_desc.c **** 
  52:USB_DEVICE/App/usbd_desc.c **** /* USER CODE BEGIN PRIVATE_TYPES */
  53:USB_DEVICE/App/usbd_desc.c **** 
  54:USB_DEVICE/App/usbd_desc.c **** /* USER CODE END PRIVATE_TYPES */
  55:USB_DEVICE/App/usbd_desc.c **** 
  56:USB_DEVICE/App/usbd_desc.c **** /**
  57:USB_DEVICE/App/usbd_desc.c ****   * @}
  58:USB_DEVICE/App/usbd_desc.c ****   */
  59:USB_DEVICE/App/usbd_desc.c **** 
  60:USB_DEVICE/App/usbd_desc.c **** /** @defgroup USBD_DESC_Private_Defines USBD_DESC_Private_Defines
  61:USB_DEVICE/App/usbd_desc.c ****   * @brief Private defines.
  62:USB_DEVICE/App/usbd_desc.c ****   * @{
  63:USB_DEVICE/App/usbd_desc.c ****   */
  64:USB_DEVICE/App/usbd_desc.c **** 
  65:USB_DEVICE/App/usbd_desc.c **** #define USBD_VID     1155
  66:USB_DEVICE/App/usbd_desc.c **** #define USBD_LANGID_STRING     1033
  67:USB_DEVICE/App/usbd_desc.c **** #define USBD_MANUFACTURER_STRING     "MIN WORKS"
  68:USB_DEVICE/App/usbd_desc.c **** #define USBD_PID_FS     22336
  69:USB_DEVICE/App/usbd_desc.c **** #define USBD_PRODUCT_STRING_FS     "C.R.A.M"
  70:USB_DEVICE/App/usbd_desc.c **** #define USBD_CONFIGURATION_STRING_FS     "CDC Config"
  71:USB_DEVICE/App/usbd_desc.c **** #define USBD_INTERFACE_STRING_FS     "CDC Interface"
  72:USB_DEVICE/App/usbd_desc.c **** 
  73:USB_DEVICE/App/usbd_desc.c **** #define USB_SIZ_BOS_DESC            0x0C
  74:USB_DEVICE/App/usbd_desc.c **** 
  75:USB_DEVICE/App/usbd_desc.c **** /* USER CODE BEGIN PRIVATE_DEFINES */
  76:USB_DEVICE/App/usbd_desc.c **** 
  77:USB_DEVICE/App/usbd_desc.c **** /* USER CODE END PRIVATE_DEFINES */
  78:USB_DEVICE/App/usbd_desc.c **** 
  79:USB_DEVICE/App/usbd_desc.c **** /**
  80:USB_DEVICE/App/usbd_desc.c ****   * @}
  81:USB_DEVICE/App/usbd_desc.c ****   */
  82:USB_DEVICE/App/usbd_desc.c **** 
  83:USB_DEVICE/App/usbd_desc.c **** /* USER CODE BEGIN 0 */
  84:USB_DEVICE/App/usbd_desc.c **** 
  85:USB_DEVICE/App/usbd_desc.c **** /* USER CODE END 0 */
  86:USB_DEVICE/App/usbd_desc.c **** 
ARM GAS  /tmp/cc9HHm57.s 			page 3


  87:USB_DEVICE/App/usbd_desc.c **** /** @defgroup USBD_DESC_Private_Macros USBD_DESC_Private_Macros
  88:USB_DEVICE/App/usbd_desc.c ****   * @brief Private macros.
  89:USB_DEVICE/App/usbd_desc.c ****   * @{
  90:USB_DEVICE/App/usbd_desc.c ****   */
  91:USB_DEVICE/App/usbd_desc.c **** 
  92:USB_DEVICE/App/usbd_desc.c **** /* USER CODE BEGIN PRIVATE_MACRO */
  93:USB_DEVICE/App/usbd_desc.c **** 
  94:USB_DEVICE/App/usbd_desc.c **** /* USER CODE END PRIVATE_MACRO */
  95:USB_DEVICE/App/usbd_desc.c **** 
  96:USB_DEVICE/App/usbd_desc.c **** /**
  97:USB_DEVICE/App/usbd_desc.c ****   * @}
  98:USB_DEVICE/App/usbd_desc.c ****   */
  99:USB_DEVICE/App/usbd_desc.c **** 
 100:USB_DEVICE/App/usbd_desc.c **** /** @defgroup USBD_DESC_Private_FunctionPrototypes USBD_DESC_Private_FunctionPrototypes
 101:USB_DEVICE/App/usbd_desc.c ****   * @brief Private functions declaration.
 102:USB_DEVICE/App/usbd_desc.c ****   * @{
 103:USB_DEVICE/App/usbd_desc.c ****   */
 104:USB_DEVICE/App/usbd_desc.c **** 
 105:USB_DEVICE/App/usbd_desc.c **** static void Get_SerialNum(void);
 106:USB_DEVICE/App/usbd_desc.c **** static void IntToUnicode(uint32_t value, uint8_t * pbuf, uint8_t len);
 107:USB_DEVICE/App/usbd_desc.c **** 
 108:USB_DEVICE/App/usbd_desc.c **** /**
 109:USB_DEVICE/App/usbd_desc.c ****   * @}
 110:USB_DEVICE/App/usbd_desc.c ****   */
 111:USB_DEVICE/App/usbd_desc.c **** 
 112:USB_DEVICE/App/usbd_desc.c **** /** @defgroup USBD_DESC_Private_FunctionPrototypes USBD_DESC_Private_FunctionPrototypes
 113:USB_DEVICE/App/usbd_desc.c ****   * @brief Private functions declaration for FS.
 114:USB_DEVICE/App/usbd_desc.c ****   * @{
 115:USB_DEVICE/App/usbd_desc.c ****   */
 116:USB_DEVICE/App/usbd_desc.c **** 
 117:USB_DEVICE/App/usbd_desc.c **** uint8_t * USBD_FS_DeviceDescriptor(USBD_SpeedTypeDef speed, uint16_t *length);
 118:USB_DEVICE/App/usbd_desc.c **** uint8_t * USBD_FS_LangIDStrDescriptor(USBD_SpeedTypeDef speed, uint16_t *length);
 119:USB_DEVICE/App/usbd_desc.c **** uint8_t * USBD_FS_ManufacturerStrDescriptor(USBD_SpeedTypeDef speed, uint16_t *length);
 120:USB_DEVICE/App/usbd_desc.c **** uint8_t * USBD_FS_ProductStrDescriptor(USBD_SpeedTypeDef speed, uint16_t *length);
 121:USB_DEVICE/App/usbd_desc.c **** uint8_t * USBD_FS_SerialStrDescriptor(USBD_SpeedTypeDef speed, uint16_t *length);
 122:USB_DEVICE/App/usbd_desc.c **** uint8_t * USBD_FS_ConfigStrDescriptor(USBD_SpeedTypeDef speed, uint16_t *length);
 123:USB_DEVICE/App/usbd_desc.c **** uint8_t * USBD_FS_InterfaceStrDescriptor(USBD_SpeedTypeDef speed, uint16_t *length);
 124:USB_DEVICE/App/usbd_desc.c **** #if (USBD_LPM_ENABLED == 1)
 125:USB_DEVICE/App/usbd_desc.c **** uint8_t * USBD_FS_USR_BOSDescriptor(USBD_SpeedTypeDef speed, uint16_t *length);
 126:USB_DEVICE/App/usbd_desc.c **** #endif /* (USBD_LPM_ENABLED == 1) */
 127:USB_DEVICE/App/usbd_desc.c **** 
 128:USB_DEVICE/App/usbd_desc.c **** /**
 129:USB_DEVICE/App/usbd_desc.c ****   * @}
 130:USB_DEVICE/App/usbd_desc.c ****   */
 131:USB_DEVICE/App/usbd_desc.c **** 
 132:USB_DEVICE/App/usbd_desc.c **** /** @defgroup USBD_DESC_Private_Variables USBD_DESC_Private_Variables
 133:USB_DEVICE/App/usbd_desc.c ****   * @brief Private variables.
 134:USB_DEVICE/App/usbd_desc.c ****   * @{
 135:USB_DEVICE/App/usbd_desc.c ****   */
 136:USB_DEVICE/App/usbd_desc.c **** 
 137:USB_DEVICE/App/usbd_desc.c **** USBD_DescriptorsTypeDef FS_Desc =
 138:USB_DEVICE/App/usbd_desc.c **** {
 139:USB_DEVICE/App/usbd_desc.c ****   USBD_FS_DeviceDescriptor
 140:USB_DEVICE/App/usbd_desc.c **** , USBD_FS_LangIDStrDescriptor
 141:USB_DEVICE/App/usbd_desc.c **** , USBD_FS_ManufacturerStrDescriptor
 142:USB_DEVICE/App/usbd_desc.c **** , USBD_FS_ProductStrDescriptor
 143:USB_DEVICE/App/usbd_desc.c **** , USBD_FS_SerialStrDescriptor
ARM GAS  /tmp/cc9HHm57.s 			page 4


 144:USB_DEVICE/App/usbd_desc.c **** , USBD_FS_ConfigStrDescriptor
 145:USB_DEVICE/App/usbd_desc.c **** , USBD_FS_InterfaceStrDescriptor
 146:USB_DEVICE/App/usbd_desc.c **** #if (USBD_LPM_ENABLED == 1)
 147:USB_DEVICE/App/usbd_desc.c **** , USBD_FS_USR_BOSDescriptor
 148:USB_DEVICE/App/usbd_desc.c **** #endif /* (USBD_LPM_ENABLED == 1) */
 149:USB_DEVICE/App/usbd_desc.c **** };
 150:USB_DEVICE/App/usbd_desc.c **** 
 151:USB_DEVICE/App/usbd_desc.c **** #if defined ( __ICCARM__ ) /* IAR Compiler */
 152:USB_DEVICE/App/usbd_desc.c ****   #pragma data_alignment=4
 153:USB_DEVICE/App/usbd_desc.c **** #endif /* defined ( __ICCARM__ ) */
 154:USB_DEVICE/App/usbd_desc.c **** /** USB standard device descriptor. */
 155:USB_DEVICE/App/usbd_desc.c **** __ALIGN_BEGIN uint8_t USBD_FS_DeviceDesc[USB_LEN_DEV_DESC] __ALIGN_END =
 156:USB_DEVICE/App/usbd_desc.c **** {
 157:USB_DEVICE/App/usbd_desc.c ****   0x12,                       /*bLength */
 158:USB_DEVICE/App/usbd_desc.c ****   USB_DESC_TYPE_DEVICE,       /*bDescriptorType*/
 159:USB_DEVICE/App/usbd_desc.c **** #if (USBD_LPM_ENABLED == 1)
 160:USB_DEVICE/App/usbd_desc.c ****   0x01,                       /*bcdUSB */ /* changed to USB version 2.01
 161:USB_DEVICE/App/usbd_desc.c ****                                              in order to support LPM L1 suspend
 162:USB_DEVICE/App/usbd_desc.c ****                                              resume test of USBCV3.0*/
 163:USB_DEVICE/App/usbd_desc.c **** #else
 164:USB_DEVICE/App/usbd_desc.c ****   0x00,                       /*bcdUSB */
 165:USB_DEVICE/App/usbd_desc.c **** #endif /* (USBD_LPM_ENABLED == 1) */
 166:USB_DEVICE/App/usbd_desc.c ****   0x02,
 167:USB_DEVICE/App/usbd_desc.c ****   0x02,                       /*bDeviceClass*/
 168:USB_DEVICE/App/usbd_desc.c ****   0x02,                       /*bDeviceSubClass*/
 169:USB_DEVICE/App/usbd_desc.c ****   0x00,                       /*bDeviceProtocol*/
 170:USB_DEVICE/App/usbd_desc.c ****   USB_MAX_EP0_SIZE,           /*bMaxPacketSize*/
 171:USB_DEVICE/App/usbd_desc.c ****   LOBYTE(USBD_VID),           /*idVendor*/
 172:USB_DEVICE/App/usbd_desc.c ****   HIBYTE(USBD_VID),           /*idVendor*/
 173:USB_DEVICE/App/usbd_desc.c ****   LOBYTE(USBD_PID_FS),        /*idProduct*/
 174:USB_DEVICE/App/usbd_desc.c ****   HIBYTE(USBD_PID_FS),        /*idProduct*/
 175:USB_DEVICE/App/usbd_desc.c ****   0x00,                       /*bcdDevice rel. 2.00*/
 176:USB_DEVICE/App/usbd_desc.c ****   0x02,
 177:USB_DEVICE/App/usbd_desc.c ****   USBD_IDX_MFC_STR,           /*Index of manufacturer  string*/
 178:USB_DEVICE/App/usbd_desc.c ****   USBD_IDX_PRODUCT_STR,       /*Index of product string*/
 179:USB_DEVICE/App/usbd_desc.c ****   USBD_IDX_SERIAL_STR,        /*Index of serial number string*/
 180:USB_DEVICE/App/usbd_desc.c ****   USBD_MAX_NUM_CONFIGURATION  /*bNumConfigurations*/
 181:USB_DEVICE/App/usbd_desc.c **** };
 182:USB_DEVICE/App/usbd_desc.c **** 
 183:USB_DEVICE/App/usbd_desc.c **** /* USB_DeviceDescriptor */
 184:USB_DEVICE/App/usbd_desc.c **** /** BOS descriptor. */
 185:USB_DEVICE/App/usbd_desc.c **** #if (USBD_LPM_ENABLED == 1)
 186:USB_DEVICE/App/usbd_desc.c **** #if defined ( __ICCARM__ ) /* IAR Compiler */
 187:USB_DEVICE/App/usbd_desc.c ****   #pragma data_alignment=4
 188:USB_DEVICE/App/usbd_desc.c **** #endif /* defined ( __ICCARM__ ) */
 189:USB_DEVICE/App/usbd_desc.c **** __ALIGN_BEGIN uint8_t USBD_FS_BOSDesc[USB_SIZ_BOS_DESC] __ALIGN_END =
 190:USB_DEVICE/App/usbd_desc.c **** {
 191:USB_DEVICE/App/usbd_desc.c ****   0x5,
 192:USB_DEVICE/App/usbd_desc.c ****   USB_DESC_TYPE_BOS,
 193:USB_DEVICE/App/usbd_desc.c ****   0xC,
 194:USB_DEVICE/App/usbd_desc.c ****   0x0,
 195:USB_DEVICE/App/usbd_desc.c ****   0x1,  /* 1 device capability*/
 196:USB_DEVICE/App/usbd_desc.c ****         /* device capability*/
 197:USB_DEVICE/App/usbd_desc.c ****   0x7,
 198:USB_DEVICE/App/usbd_desc.c ****   USB_DEVICE_CAPABITY_TYPE,
 199:USB_DEVICE/App/usbd_desc.c ****   0x2,
 200:USB_DEVICE/App/usbd_desc.c ****   0x2,  /* LPM capability bit set*/
ARM GAS  /tmp/cc9HHm57.s 			page 5


 201:USB_DEVICE/App/usbd_desc.c ****   0x0,
 202:USB_DEVICE/App/usbd_desc.c ****   0x0,
 203:USB_DEVICE/App/usbd_desc.c ****   0x0
 204:USB_DEVICE/App/usbd_desc.c **** };
 205:USB_DEVICE/App/usbd_desc.c **** #endif /* (USBD_LPM_ENABLED == 1) */
 206:USB_DEVICE/App/usbd_desc.c **** 
 207:USB_DEVICE/App/usbd_desc.c **** /**
 208:USB_DEVICE/App/usbd_desc.c ****   * @}
 209:USB_DEVICE/App/usbd_desc.c ****   */
 210:USB_DEVICE/App/usbd_desc.c **** 
 211:USB_DEVICE/App/usbd_desc.c **** /** @defgroup USBD_DESC_Private_Variables USBD_DESC_Private_Variables
 212:USB_DEVICE/App/usbd_desc.c ****   * @brief Private variables.
 213:USB_DEVICE/App/usbd_desc.c ****   * @{
 214:USB_DEVICE/App/usbd_desc.c ****   */
 215:USB_DEVICE/App/usbd_desc.c **** 
 216:USB_DEVICE/App/usbd_desc.c **** #if defined ( __ICCARM__ ) /* IAR Compiler */
 217:USB_DEVICE/App/usbd_desc.c ****   #pragma data_alignment=4
 218:USB_DEVICE/App/usbd_desc.c **** #endif /* defined ( __ICCARM__ ) */
 219:USB_DEVICE/App/usbd_desc.c **** 
 220:USB_DEVICE/App/usbd_desc.c **** /** USB lang identifier descriptor. */
 221:USB_DEVICE/App/usbd_desc.c **** __ALIGN_BEGIN uint8_t USBD_LangIDDesc[USB_LEN_LANGID_STR_DESC] __ALIGN_END =
 222:USB_DEVICE/App/usbd_desc.c **** {
 223:USB_DEVICE/App/usbd_desc.c ****      USB_LEN_LANGID_STR_DESC,
 224:USB_DEVICE/App/usbd_desc.c ****      USB_DESC_TYPE_STRING,
 225:USB_DEVICE/App/usbd_desc.c ****      LOBYTE(USBD_LANGID_STRING),
 226:USB_DEVICE/App/usbd_desc.c ****      HIBYTE(USBD_LANGID_STRING)
 227:USB_DEVICE/App/usbd_desc.c **** };
 228:USB_DEVICE/App/usbd_desc.c **** 
 229:USB_DEVICE/App/usbd_desc.c **** #if defined ( __ICCARM__ ) /* IAR Compiler */
 230:USB_DEVICE/App/usbd_desc.c ****   #pragma data_alignment=4
 231:USB_DEVICE/App/usbd_desc.c **** #endif /* defined ( __ICCARM__ ) */
 232:USB_DEVICE/App/usbd_desc.c **** /* Internal string descriptor. */
 233:USB_DEVICE/App/usbd_desc.c **** __ALIGN_BEGIN uint8_t USBD_StrDesc[USBD_MAX_STR_DESC_SIZ] __ALIGN_END;
 234:USB_DEVICE/App/usbd_desc.c **** 
 235:USB_DEVICE/App/usbd_desc.c **** #if defined ( __ICCARM__ ) /*!< IAR Compiler */
 236:USB_DEVICE/App/usbd_desc.c ****   #pragma data_alignment=4
 237:USB_DEVICE/App/usbd_desc.c **** #endif
 238:USB_DEVICE/App/usbd_desc.c **** __ALIGN_BEGIN uint8_t USBD_StringSerial[USB_SIZ_STRING_SERIAL] __ALIGN_END = {
 239:USB_DEVICE/App/usbd_desc.c ****   USB_SIZ_STRING_SERIAL,
 240:USB_DEVICE/App/usbd_desc.c ****   USB_DESC_TYPE_STRING,
 241:USB_DEVICE/App/usbd_desc.c **** };
 242:USB_DEVICE/App/usbd_desc.c **** 
 243:USB_DEVICE/App/usbd_desc.c **** /**
 244:USB_DEVICE/App/usbd_desc.c ****   * @}
 245:USB_DEVICE/App/usbd_desc.c ****   */
 246:USB_DEVICE/App/usbd_desc.c **** 
 247:USB_DEVICE/App/usbd_desc.c **** /** @defgroup USBD_DESC_Private_Functions USBD_DESC_Private_Functions
 248:USB_DEVICE/App/usbd_desc.c ****   * @brief Private functions.
 249:USB_DEVICE/App/usbd_desc.c ****   * @{
 250:USB_DEVICE/App/usbd_desc.c ****   */
 251:USB_DEVICE/App/usbd_desc.c **** 
 252:USB_DEVICE/App/usbd_desc.c **** /**
 253:USB_DEVICE/App/usbd_desc.c ****   * @brief  Return the device descriptor
 254:USB_DEVICE/App/usbd_desc.c ****   * @param  speed : Current device speed
 255:USB_DEVICE/App/usbd_desc.c ****   * @param  length : Pointer to data length variable
 256:USB_DEVICE/App/usbd_desc.c ****   * @retval Pointer to descriptor buffer
 257:USB_DEVICE/App/usbd_desc.c ****   */
ARM GAS  /tmp/cc9HHm57.s 			page 6


 258:USB_DEVICE/App/usbd_desc.c **** uint8_t * USBD_FS_DeviceDescriptor(USBD_SpeedTypeDef speed, uint16_t *length)
 259:USB_DEVICE/App/usbd_desc.c **** {
  30              		.loc 1 259 1 view -0
  31              		.cfi_startproc
  32              		@ args = 0, pretend = 0, frame = 0
  33              		@ frame_needed = 0, uses_anonymous_args = 0
  34              		@ link register save eliminated.
 260:USB_DEVICE/App/usbd_desc.c ****   UNUSED(speed);
  35              		.loc 1 260 3 view .LVU1
 261:USB_DEVICE/App/usbd_desc.c ****   *length = sizeof(USBD_FS_DeviceDesc);
  36              		.loc 1 261 3 view .LVU2
  37              		.loc 1 261 11 is_stmt 0 view .LVU3
  38 0000 1223     		movs	r3, #18
  39 0002 0B80     		strh	r3, [r1]	@ movhi
 262:USB_DEVICE/App/usbd_desc.c ****   return USBD_FS_DeviceDesc;
  40              		.loc 1 262 3 is_stmt 1 view .LVU4
 263:USB_DEVICE/App/usbd_desc.c **** }
  41              		.loc 1 263 1 is_stmt 0 view .LVU5
  42 0004 0048     		ldr	r0, .L2
  43              	.LVL1:
  44              		.loc 1 263 1 view .LVU6
  45 0006 7047     		bx	lr
  46              	.L3:
  47              		.align	2
  48              	.L2:
  49 0008 00000000 		.word	.LANCHOR0
  50              		.cfi_endproc
  51              	.LFE239:
  53              		.section	.text.USBD_FS_LangIDStrDescriptor,"ax",%progbits
  54              		.align	1
  55              		.global	USBD_FS_LangIDStrDescriptor
  56              		.syntax unified
  57              		.thumb
  58              		.thumb_func
  59              		.fpu fpv4-sp-d16
  61              	USBD_FS_LangIDStrDescriptor:
  62              	.LVL2:
  63              	.LFB240:
 264:USB_DEVICE/App/usbd_desc.c **** 
 265:USB_DEVICE/App/usbd_desc.c **** /**
 266:USB_DEVICE/App/usbd_desc.c ****   * @brief  Return the LangID string descriptor
 267:USB_DEVICE/App/usbd_desc.c ****   * @param  speed : Current device speed
 268:USB_DEVICE/App/usbd_desc.c ****   * @param  length : Pointer to data length variable
 269:USB_DEVICE/App/usbd_desc.c ****   * @retval Pointer to descriptor buffer
 270:USB_DEVICE/App/usbd_desc.c ****   */
 271:USB_DEVICE/App/usbd_desc.c **** uint8_t * USBD_FS_LangIDStrDescriptor(USBD_SpeedTypeDef speed, uint16_t *length)
 272:USB_DEVICE/App/usbd_desc.c **** {
  64              		.loc 1 272 1 is_stmt 1 view -0
  65              		.cfi_startproc
  66              		@ args = 0, pretend = 0, frame = 0
  67              		@ frame_needed = 0, uses_anonymous_args = 0
  68              		@ link register save eliminated.
 273:USB_DEVICE/App/usbd_desc.c ****   UNUSED(speed);
  69              		.loc 1 273 3 view .LVU8
 274:USB_DEVICE/App/usbd_desc.c ****   *length = sizeof(USBD_LangIDDesc);
  70              		.loc 1 274 3 view .LVU9
  71              		.loc 1 274 11 is_stmt 0 view .LVU10
ARM GAS  /tmp/cc9HHm57.s 			page 7


  72 0000 0423     		movs	r3, #4
  73 0002 0B80     		strh	r3, [r1]	@ movhi
 275:USB_DEVICE/App/usbd_desc.c ****   return USBD_LangIDDesc;
  74              		.loc 1 275 3 is_stmt 1 view .LVU11
 276:USB_DEVICE/App/usbd_desc.c **** }
  75              		.loc 1 276 1 is_stmt 0 view .LVU12
  76 0004 0048     		ldr	r0, .L5
  77              	.LVL3:
  78              		.loc 1 276 1 view .LVU13
  79 0006 7047     		bx	lr
  80              	.L6:
  81              		.align	2
  82              	.L5:
  83 0008 00000000 		.word	.LANCHOR1
  84              		.cfi_endproc
  85              	.LFE240:
  87              		.section	.text.IntToUnicode,"ax",%progbits
  88              		.align	1
  89              		.syntax unified
  90              		.thumb
  91              		.thumb_func
  92              		.fpu fpv4-sp-d16
  94              	IntToUnicode:
  95              	.LVL4:
  96              	.LFB247:
 277:USB_DEVICE/App/usbd_desc.c **** 
 278:USB_DEVICE/App/usbd_desc.c **** /**
 279:USB_DEVICE/App/usbd_desc.c ****   * @brief  Return the product string descriptor
 280:USB_DEVICE/App/usbd_desc.c ****   * @param  speed : Current device speed
 281:USB_DEVICE/App/usbd_desc.c ****   * @param  length : Pointer to data length variable
 282:USB_DEVICE/App/usbd_desc.c ****   * @retval Pointer to descriptor buffer
 283:USB_DEVICE/App/usbd_desc.c ****   */
 284:USB_DEVICE/App/usbd_desc.c **** uint8_t * USBD_FS_ProductStrDescriptor(USBD_SpeedTypeDef speed, uint16_t *length)
 285:USB_DEVICE/App/usbd_desc.c **** {
 286:USB_DEVICE/App/usbd_desc.c ****   if(speed == 0)
 287:USB_DEVICE/App/usbd_desc.c ****   {
 288:USB_DEVICE/App/usbd_desc.c ****     USBD_GetString((uint8_t *)USBD_PRODUCT_STRING_FS, USBD_StrDesc, length);
 289:USB_DEVICE/App/usbd_desc.c ****   }
 290:USB_DEVICE/App/usbd_desc.c ****   else
 291:USB_DEVICE/App/usbd_desc.c ****   {
 292:USB_DEVICE/App/usbd_desc.c ****     USBD_GetString((uint8_t *)USBD_PRODUCT_STRING_FS, USBD_StrDesc, length);
 293:USB_DEVICE/App/usbd_desc.c ****   }
 294:USB_DEVICE/App/usbd_desc.c ****   return USBD_StrDesc;
 295:USB_DEVICE/App/usbd_desc.c **** }
 296:USB_DEVICE/App/usbd_desc.c **** 
 297:USB_DEVICE/App/usbd_desc.c **** /**
 298:USB_DEVICE/App/usbd_desc.c ****   * @brief  Return the manufacturer string descriptor
 299:USB_DEVICE/App/usbd_desc.c ****   * @param  speed : Current device speed
 300:USB_DEVICE/App/usbd_desc.c ****   * @param  length : Pointer to data length variable
 301:USB_DEVICE/App/usbd_desc.c ****   * @retval Pointer to descriptor buffer
 302:USB_DEVICE/App/usbd_desc.c ****   */
 303:USB_DEVICE/App/usbd_desc.c **** uint8_t * USBD_FS_ManufacturerStrDescriptor(USBD_SpeedTypeDef speed, uint16_t *length)
 304:USB_DEVICE/App/usbd_desc.c **** {
 305:USB_DEVICE/App/usbd_desc.c ****   UNUSED(speed);
 306:USB_DEVICE/App/usbd_desc.c ****   USBD_GetString((uint8_t *)USBD_MANUFACTURER_STRING, USBD_StrDesc, length);
 307:USB_DEVICE/App/usbd_desc.c ****   return USBD_StrDesc;
 308:USB_DEVICE/App/usbd_desc.c **** }
ARM GAS  /tmp/cc9HHm57.s 			page 8


 309:USB_DEVICE/App/usbd_desc.c **** 
 310:USB_DEVICE/App/usbd_desc.c **** /**
 311:USB_DEVICE/App/usbd_desc.c ****   * @brief  Return the serial number string descriptor
 312:USB_DEVICE/App/usbd_desc.c ****   * @param  speed : Current device speed
 313:USB_DEVICE/App/usbd_desc.c ****   * @param  length : Pointer to data length variable
 314:USB_DEVICE/App/usbd_desc.c ****   * @retval Pointer to descriptor buffer
 315:USB_DEVICE/App/usbd_desc.c ****   */
 316:USB_DEVICE/App/usbd_desc.c **** uint8_t * USBD_FS_SerialStrDescriptor(USBD_SpeedTypeDef speed, uint16_t *length)
 317:USB_DEVICE/App/usbd_desc.c **** {
 318:USB_DEVICE/App/usbd_desc.c ****   UNUSED(speed);
 319:USB_DEVICE/App/usbd_desc.c ****   *length = USB_SIZ_STRING_SERIAL;
 320:USB_DEVICE/App/usbd_desc.c **** 
 321:USB_DEVICE/App/usbd_desc.c ****   /* Update the serial number string descriptor with the data from the unique
 322:USB_DEVICE/App/usbd_desc.c ****    * ID */
 323:USB_DEVICE/App/usbd_desc.c ****   Get_SerialNum();
 324:USB_DEVICE/App/usbd_desc.c ****   /* USER CODE BEGIN USBD_FS_SerialStrDescriptor */
 325:USB_DEVICE/App/usbd_desc.c **** 
 326:USB_DEVICE/App/usbd_desc.c ****   /* USER CODE END USBD_FS_SerialStrDescriptor */
 327:USB_DEVICE/App/usbd_desc.c ****   return (uint8_t *) USBD_StringSerial;
 328:USB_DEVICE/App/usbd_desc.c **** }
 329:USB_DEVICE/App/usbd_desc.c **** 
 330:USB_DEVICE/App/usbd_desc.c **** /**
 331:USB_DEVICE/App/usbd_desc.c ****   * @brief  Return the configuration string descriptor
 332:USB_DEVICE/App/usbd_desc.c ****   * @param  speed : Current device speed
 333:USB_DEVICE/App/usbd_desc.c ****   * @param  length : Pointer to data length variable
 334:USB_DEVICE/App/usbd_desc.c ****   * @retval Pointer to descriptor buffer
 335:USB_DEVICE/App/usbd_desc.c ****   */
 336:USB_DEVICE/App/usbd_desc.c **** uint8_t * USBD_FS_ConfigStrDescriptor(USBD_SpeedTypeDef speed, uint16_t *length)
 337:USB_DEVICE/App/usbd_desc.c **** {
 338:USB_DEVICE/App/usbd_desc.c ****   if(speed == USBD_SPEED_HIGH)
 339:USB_DEVICE/App/usbd_desc.c ****   {
 340:USB_DEVICE/App/usbd_desc.c ****     USBD_GetString((uint8_t *)USBD_CONFIGURATION_STRING_FS, USBD_StrDesc, length);
 341:USB_DEVICE/App/usbd_desc.c ****   }
 342:USB_DEVICE/App/usbd_desc.c ****   else
 343:USB_DEVICE/App/usbd_desc.c ****   {
 344:USB_DEVICE/App/usbd_desc.c ****     USBD_GetString((uint8_t *)USBD_CONFIGURATION_STRING_FS, USBD_StrDesc, length);
 345:USB_DEVICE/App/usbd_desc.c ****   }
 346:USB_DEVICE/App/usbd_desc.c ****   return USBD_StrDesc;
 347:USB_DEVICE/App/usbd_desc.c **** }
 348:USB_DEVICE/App/usbd_desc.c **** 
 349:USB_DEVICE/App/usbd_desc.c **** /**
 350:USB_DEVICE/App/usbd_desc.c ****   * @brief  Return the interface string descriptor
 351:USB_DEVICE/App/usbd_desc.c ****   * @param  speed : Current device speed
 352:USB_DEVICE/App/usbd_desc.c ****   * @param  length : Pointer to data length variable
 353:USB_DEVICE/App/usbd_desc.c ****   * @retval Pointer to descriptor buffer
 354:USB_DEVICE/App/usbd_desc.c ****   */
 355:USB_DEVICE/App/usbd_desc.c **** uint8_t * USBD_FS_InterfaceStrDescriptor(USBD_SpeedTypeDef speed, uint16_t *length)
 356:USB_DEVICE/App/usbd_desc.c **** {
 357:USB_DEVICE/App/usbd_desc.c ****   if(speed == 0)
 358:USB_DEVICE/App/usbd_desc.c ****   {
 359:USB_DEVICE/App/usbd_desc.c ****     USBD_GetString((uint8_t *)USBD_INTERFACE_STRING_FS, USBD_StrDesc, length);
 360:USB_DEVICE/App/usbd_desc.c ****   }
 361:USB_DEVICE/App/usbd_desc.c ****   else
 362:USB_DEVICE/App/usbd_desc.c ****   {
 363:USB_DEVICE/App/usbd_desc.c ****     USBD_GetString((uint8_t *)USBD_INTERFACE_STRING_FS, USBD_StrDesc, length);
 364:USB_DEVICE/App/usbd_desc.c ****   }
 365:USB_DEVICE/App/usbd_desc.c ****   return USBD_StrDesc;
ARM GAS  /tmp/cc9HHm57.s 			page 9


 366:USB_DEVICE/App/usbd_desc.c **** }
 367:USB_DEVICE/App/usbd_desc.c **** 
 368:USB_DEVICE/App/usbd_desc.c **** #if (USBD_LPM_ENABLED == 1)
 369:USB_DEVICE/App/usbd_desc.c **** /**
 370:USB_DEVICE/App/usbd_desc.c ****   * @brief  Return the BOS descriptor
 371:USB_DEVICE/App/usbd_desc.c ****   * @param  speed : Current device speed
 372:USB_DEVICE/App/usbd_desc.c ****   * @param  length : Pointer to data length variable
 373:USB_DEVICE/App/usbd_desc.c ****   * @retval Pointer to descriptor buffer
 374:USB_DEVICE/App/usbd_desc.c ****   */
 375:USB_DEVICE/App/usbd_desc.c **** uint8_t * USBD_FS_USR_BOSDescriptor(USBD_SpeedTypeDef speed, uint16_t *length)
 376:USB_DEVICE/App/usbd_desc.c **** {
 377:USB_DEVICE/App/usbd_desc.c ****   UNUSED(speed);
 378:USB_DEVICE/App/usbd_desc.c ****   *length = sizeof(USBD_FS_BOSDesc);
 379:USB_DEVICE/App/usbd_desc.c ****   return (uint8_t*)USBD_FS_BOSDesc;
 380:USB_DEVICE/App/usbd_desc.c **** }
 381:USB_DEVICE/App/usbd_desc.c **** #endif /* (USBD_LPM_ENABLED == 1) */
 382:USB_DEVICE/App/usbd_desc.c **** 
 383:USB_DEVICE/App/usbd_desc.c **** /**
 384:USB_DEVICE/App/usbd_desc.c ****   * @brief  Create the serial number string descriptor
 385:USB_DEVICE/App/usbd_desc.c ****   * @param  None
 386:USB_DEVICE/App/usbd_desc.c ****   * @retval None
 387:USB_DEVICE/App/usbd_desc.c ****   */
 388:USB_DEVICE/App/usbd_desc.c **** static void Get_SerialNum(void)
 389:USB_DEVICE/App/usbd_desc.c **** {
 390:USB_DEVICE/App/usbd_desc.c ****   uint32_t deviceserial0;
 391:USB_DEVICE/App/usbd_desc.c ****   uint32_t deviceserial1;
 392:USB_DEVICE/App/usbd_desc.c ****   uint32_t deviceserial2;
 393:USB_DEVICE/App/usbd_desc.c **** 
 394:USB_DEVICE/App/usbd_desc.c ****   deviceserial0 = *(uint32_t *) DEVICE_ID1;
 395:USB_DEVICE/App/usbd_desc.c ****   deviceserial1 = *(uint32_t *) DEVICE_ID2;
 396:USB_DEVICE/App/usbd_desc.c ****   deviceserial2 = *(uint32_t *) DEVICE_ID3;
 397:USB_DEVICE/App/usbd_desc.c **** 
 398:USB_DEVICE/App/usbd_desc.c ****   deviceserial0 += deviceserial2;
 399:USB_DEVICE/App/usbd_desc.c **** 
 400:USB_DEVICE/App/usbd_desc.c ****   if (deviceserial0 != 0)
 401:USB_DEVICE/App/usbd_desc.c ****   {
 402:USB_DEVICE/App/usbd_desc.c ****     IntToUnicode(deviceserial0, &USBD_StringSerial[2], 8);
 403:USB_DEVICE/App/usbd_desc.c ****     IntToUnicode(deviceserial1, &USBD_StringSerial[18], 4);
 404:USB_DEVICE/App/usbd_desc.c ****   }
 405:USB_DEVICE/App/usbd_desc.c **** }
 406:USB_DEVICE/App/usbd_desc.c **** 
 407:USB_DEVICE/App/usbd_desc.c **** /**
 408:USB_DEVICE/App/usbd_desc.c ****   * @brief  Convert Hex 32Bits value into char
 409:USB_DEVICE/App/usbd_desc.c ****   * @param  value: value to convert
 410:USB_DEVICE/App/usbd_desc.c ****   * @param  pbuf: pointer to the buffer
 411:USB_DEVICE/App/usbd_desc.c ****   * @param  len: buffer length
 412:USB_DEVICE/App/usbd_desc.c ****   * @retval None
 413:USB_DEVICE/App/usbd_desc.c ****   */
 414:USB_DEVICE/App/usbd_desc.c **** static void IntToUnicode(uint32_t value, uint8_t * pbuf, uint8_t len)
 415:USB_DEVICE/App/usbd_desc.c **** {
  97              		.loc 1 415 1 is_stmt 1 view -0
  98              		.cfi_startproc
  99              		@ args = 0, pretend = 0, frame = 0
 100              		@ frame_needed = 0, uses_anonymous_args = 0
 101              		@ link register save eliminated.
 416:USB_DEVICE/App/usbd_desc.c ****   uint8_t idx = 0;
 102              		.loc 1 416 3 view .LVU15
ARM GAS  /tmp/cc9HHm57.s 			page 10


 417:USB_DEVICE/App/usbd_desc.c **** 
 418:USB_DEVICE/App/usbd_desc.c ****   for (idx = 0; idx < len; idx++)
 103              		.loc 1 418 3 view .LVU16
 104              		.loc 1 418 12 is_stmt 0 view .LVU17
 105 0000 0023     		movs	r3, #0
 106              	.LVL5:
 107              		.loc 1 418 3 view .LVU18
 108 0002 9342     		cmp	r3, r2
 109 0004 16D2     		bcs	.L15
 415:USB_DEVICE/App/usbd_desc.c ****   uint8_t idx = 0;
 110              		.loc 1 415 1 view .LVU19
 111 0006 30B4     		push	{r4, r5}
 112              	.LCFI0:
 113              		.cfi_def_cfa_offset 8
 114              		.cfi_offset 4, -8
 115              		.cfi_offset 5, -4
 116 0008 0BE0     		b	.L11
 117              	.L9:
 419:USB_DEVICE/App/usbd_desc.c ****   {
 420:USB_DEVICE/App/usbd_desc.c ****     if (((value >> 28)) < 0xA)
 421:USB_DEVICE/App/usbd_desc.c ****     {
 422:USB_DEVICE/App/usbd_desc.c ****       pbuf[2 * idx] = (value >> 28) + '0';
 423:USB_DEVICE/App/usbd_desc.c ****     }
 424:USB_DEVICE/App/usbd_desc.c ****     else
 425:USB_DEVICE/App/usbd_desc.c ****     {
 426:USB_DEVICE/App/usbd_desc.c ****       pbuf[2 * idx] = (value >> 28) + 'A' - 10;
 118              		.loc 1 426 7 is_stmt 1 view .LVU20
 119              		.loc 1 426 43 is_stmt 0 view .LVU21
 120 000a 3734     		adds	r4, r4, #55
 121              		.loc 1 426 21 view .LVU22
 122 000c 01F81340 		strb	r4, [r1, r3, lsl #1]
 123              	.L10:
 427:USB_DEVICE/App/usbd_desc.c ****     }
 428:USB_DEVICE/App/usbd_desc.c **** 
 429:USB_DEVICE/App/usbd_desc.c ****     value = value << 4;
 124              		.loc 1 429 5 is_stmt 1 discriminator 2 view .LVU23
 125              		.loc 1 429 11 is_stmt 0 discriminator 2 view .LVU24
 126 0010 0001     		lsls	r0, r0, #4
 127              	.LVL6:
 430:USB_DEVICE/App/usbd_desc.c **** 
 431:USB_DEVICE/App/usbd_desc.c ****     pbuf[2 * idx + 1] = 0;
 128              		.loc 1 431 5 is_stmt 1 discriminator 2 view .LVU25
 129              		.loc 1 431 12 is_stmt 0 discriminator 2 view .LVU26
 130 0012 5C00     		lsls	r4, r3, #1
 131              		.loc 1 431 9 discriminator 2 view .LVU27
 132 0014 0134     		adds	r4, r4, #1
 133              		.loc 1 431 23 discriminator 2 view .LVU28
 134 0016 0025     		movs	r5, #0
 135 0018 0D55     		strb	r5, [r1, r4]
 418:USB_DEVICE/App/usbd_desc.c ****   {
 136              		.loc 1 418 31 discriminator 2 view .LVU29
 137 001a 0133     		adds	r3, r3, #1
 138              	.LVL7:
 418:USB_DEVICE/App/usbd_desc.c ****   {
 139              		.loc 1 418 31 discriminator 2 view .LVU30
 140 001c DBB2     		uxtb	r3, r3
 141              	.LVL8:
ARM GAS  /tmp/cc9HHm57.s 			page 11


 418:USB_DEVICE/App/usbd_desc.c ****   {
 142              		.loc 1 418 3 discriminator 2 view .LVU31
 143 001e 9342     		cmp	r3, r2
 144 0020 06D2     		bcs	.L16
 145              	.L11:
 420:USB_DEVICE/App/usbd_desc.c ****     {
 146              		.loc 1 420 5 is_stmt 1 view .LVU32
 420:USB_DEVICE/App/usbd_desc.c ****     {
 147              		.loc 1 420 17 is_stmt 0 view .LVU33
 148 0022 040F     		lsrs	r4, r0, #28
 420:USB_DEVICE/App/usbd_desc.c ****     {
 149              		.loc 1 420 8 view .LVU34
 150 0024 092C     		cmp	r4, #9
 151 0026 F0D8     		bhi	.L9
 422:USB_DEVICE/App/usbd_desc.c ****     }
 152              		.loc 1 422 7 is_stmt 1 view .LVU35
 422:USB_DEVICE/App/usbd_desc.c ****     }
 153              		.loc 1 422 37 is_stmt 0 view .LVU36
 154 0028 3034     		adds	r4, r4, #48
 422:USB_DEVICE/App/usbd_desc.c ****     }
 155              		.loc 1 422 21 view .LVU37
 156 002a 01F81340 		strb	r4, [r1, r3, lsl #1]
 157 002e EFE7     		b	.L10
 158              	.L16:
 432:USB_DEVICE/App/usbd_desc.c ****   }
 433:USB_DEVICE/App/usbd_desc.c **** }
 159              		.loc 1 433 1 view .LVU38
 160 0030 30BC     		pop	{r4, r5}
 161              	.LCFI1:
 162              		.cfi_restore 5
 163              		.cfi_restore 4
 164              		.cfi_def_cfa_offset 0
 165 0032 7047     		bx	lr
 166              	.L15:
 167              		.loc 1 433 1 view .LVU39
 168 0034 7047     		bx	lr
 169              		.cfi_endproc
 170              	.LFE247:
 172              		.section	.text.Get_SerialNum,"ax",%progbits
 173              		.align	1
 174              		.syntax unified
 175              		.thumb
 176              		.thumb_func
 177              		.fpu fpv4-sp-d16
 179              	Get_SerialNum:
 180              	.LFB246:
 389:USB_DEVICE/App/usbd_desc.c ****   uint32_t deviceserial0;
 181              		.loc 1 389 1 is_stmt 1 view -0
 182              		.cfi_startproc
 183              		@ args = 0, pretend = 0, frame = 0
 184              		@ frame_needed = 0, uses_anonymous_args = 0
 185 0000 38B5     		push	{r3, r4, r5, lr}
 186              	.LCFI2:
 187              		.cfi_def_cfa_offset 16
 188              		.cfi_offset 3, -16
 189              		.cfi_offset 4, -12
 190              		.cfi_offset 5, -8
ARM GAS  /tmp/cc9HHm57.s 			page 12


 191              		.cfi_offset 14, -4
 390:USB_DEVICE/App/usbd_desc.c ****   uint32_t deviceserial1;
 192              		.loc 1 390 3 view .LVU41
 391:USB_DEVICE/App/usbd_desc.c ****   uint32_t deviceserial2;
 193              		.loc 1 391 3 view .LVU42
 392:USB_DEVICE/App/usbd_desc.c **** 
 194              		.loc 1 392 3 view .LVU43
 394:USB_DEVICE/App/usbd_desc.c ****   deviceserial1 = *(uint32_t *) DEVICE_ID2;
 195              		.loc 1 394 3 view .LVU44
 394:USB_DEVICE/App/usbd_desc.c ****   deviceserial1 = *(uint32_t *) DEVICE_ID2;
 196              		.loc 1 394 17 is_stmt 0 view .LVU45
 197 0002 0A4B     		ldr	r3, .L21
 198 0004 1868     		ldr	r0, [r3]
 199              	.LVL9:
 395:USB_DEVICE/App/usbd_desc.c ****   deviceserial2 = *(uint32_t *) DEVICE_ID3;
 200              		.loc 1 395 3 is_stmt 1 view .LVU46
 395:USB_DEVICE/App/usbd_desc.c ****   deviceserial2 = *(uint32_t *) DEVICE_ID3;
 201              		.loc 1 395 17 is_stmt 0 view .LVU47
 202 0006 0433     		adds	r3, r3, #4
 203 0008 1C68     		ldr	r4, [r3]
 204              	.LVL10:
 396:USB_DEVICE/App/usbd_desc.c **** 
 205              		.loc 1 396 3 is_stmt 1 view .LVU48
 396:USB_DEVICE/App/usbd_desc.c **** 
 206              		.loc 1 396 17 is_stmt 0 view .LVU49
 207 000a 0433     		adds	r3, r3, #4
 208 000c 1B68     		ldr	r3, [r3]
 209              	.LVL11:
 398:USB_DEVICE/App/usbd_desc.c **** 
 210              		.loc 1 398 3 is_stmt 1 view .LVU50
 400:USB_DEVICE/App/usbd_desc.c ****   {
 211              		.loc 1 400 3 view .LVU51
 400:USB_DEVICE/App/usbd_desc.c ****   {
 212              		.loc 1 400 6 is_stmt 0 view .LVU52
 213 000e C018     		adds	r0, r0, r3
 214              	.LVL12:
 400:USB_DEVICE/App/usbd_desc.c ****   {
 215              		.loc 1 400 6 view .LVU53
 216 0010 00D1     		bne	.L20
 217              	.LVL13:
 218              	.L17:
 405:USB_DEVICE/App/usbd_desc.c **** 
 219              		.loc 1 405 1 view .LVU54
 220 0012 38BD     		pop	{r3, r4, r5, pc}
 221              	.LVL14:
 222              	.L20:
 402:USB_DEVICE/App/usbd_desc.c ****     IntToUnicode(deviceserial1, &USBD_StringSerial[18], 4);
 223              		.loc 1 402 5 is_stmt 1 view .LVU55
 224 0014 064D     		ldr	r5, .L21+4
 225 0016 0822     		movs	r2, #8
 226 0018 A91C     		adds	r1, r5, #2
 227 001a FFF7FEFF 		bl	IntToUnicode
 228              	.LVL15:
 403:USB_DEVICE/App/usbd_desc.c ****   }
 229              		.loc 1 403 5 view .LVU56
 230 001e 0422     		movs	r2, #4
 231 0020 05F11201 		add	r1, r5, #18
ARM GAS  /tmp/cc9HHm57.s 			page 13


 232 0024 2046     		mov	r0, r4
 233 0026 FFF7FEFF 		bl	IntToUnicode
 234              	.LVL16:
 405:USB_DEVICE/App/usbd_desc.c **** 
 235              		.loc 1 405 1 is_stmt 0 view .LVU57
 236 002a F2E7     		b	.L17
 237              	.L22:
 238              		.align	2
 239              	.L21:
 240 002c 107AFF1F 		.word	536836624
 241 0030 00000000 		.word	.LANCHOR2
 242              		.cfi_endproc
 243              	.LFE246:
 245              		.section	.text.USBD_FS_SerialStrDescriptor,"ax",%progbits
 246              		.align	1
 247              		.global	USBD_FS_SerialStrDescriptor
 248              		.syntax unified
 249              		.thumb
 250              		.thumb_func
 251              		.fpu fpv4-sp-d16
 253              	USBD_FS_SerialStrDescriptor:
 254              	.LVL17:
 255              	.LFB243:
 317:USB_DEVICE/App/usbd_desc.c ****   UNUSED(speed);
 256              		.loc 1 317 1 is_stmt 1 view -0
 257              		.cfi_startproc
 258              		@ args = 0, pretend = 0, frame = 0
 259              		@ frame_needed = 0, uses_anonymous_args = 0
 317:USB_DEVICE/App/usbd_desc.c ****   UNUSED(speed);
 260              		.loc 1 317 1 is_stmt 0 view .LVU59
 261 0000 08B5     		push	{r3, lr}
 262              	.LCFI3:
 263              		.cfi_def_cfa_offset 8
 264              		.cfi_offset 3, -8
 265              		.cfi_offset 14, -4
 318:USB_DEVICE/App/usbd_desc.c ****   *length = USB_SIZ_STRING_SERIAL;
 266              		.loc 1 318 3 is_stmt 1 view .LVU60
 319:USB_DEVICE/App/usbd_desc.c **** 
 267              		.loc 1 319 3 view .LVU61
 319:USB_DEVICE/App/usbd_desc.c **** 
 268              		.loc 1 319 11 is_stmt 0 view .LVU62
 269 0002 1A23     		movs	r3, #26
 270 0004 0B80     		strh	r3, [r1]	@ movhi
 323:USB_DEVICE/App/usbd_desc.c ****   /* USER CODE BEGIN USBD_FS_SerialStrDescriptor */
 271              		.loc 1 323 3 is_stmt 1 view .LVU63
 272 0006 FFF7FEFF 		bl	Get_SerialNum
 273              	.LVL18:
 327:USB_DEVICE/App/usbd_desc.c **** }
 274              		.loc 1 327 3 view .LVU64
 328:USB_DEVICE/App/usbd_desc.c **** 
 275              		.loc 1 328 1 is_stmt 0 view .LVU65
 276 000a 0148     		ldr	r0, .L25
 277 000c 08BD     		pop	{r3, pc}
 278              	.L26:
 279 000e 00BF     		.align	2
 280              	.L25:
 281 0010 00000000 		.word	.LANCHOR2
ARM GAS  /tmp/cc9HHm57.s 			page 14


 282              		.cfi_endproc
 283              	.LFE243:
 285              		.section	.text.USBD_FS_ProductStrDescriptor,"ax",%progbits
 286              		.align	1
 287              		.global	USBD_FS_ProductStrDescriptor
 288              		.syntax unified
 289              		.thumb
 290              		.thumb_func
 291              		.fpu fpv4-sp-d16
 293              	USBD_FS_ProductStrDescriptor:
 294              	.LVL19:
 295              	.LFB241:
 285:USB_DEVICE/App/usbd_desc.c ****   if(speed == 0)
 296              		.loc 1 285 1 is_stmt 1 view -0
 297              		.cfi_startproc
 298              		@ args = 0, pretend = 0, frame = 0
 299              		@ frame_needed = 0, uses_anonymous_args = 0
 285:USB_DEVICE/App/usbd_desc.c ****   if(speed == 0)
 300              		.loc 1 285 1 is_stmt 0 view .LVU67
 301 0000 08B5     		push	{r3, lr}
 302              	.LCFI4:
 303              		.cfi_def_cfa_offset 8
 304              		.cfi_offset 3, -8
 305              		.cfi_offset 14, -4
 306 0002 0A46     		mov	r2, r1
 286:USB_DEVICE/App/usbd_desc.c ****   {
 307              		.loc 1 286 3 is_stmt 1 view .LVU68
 286:USB_DEVICE/App/usbd_desc.c ****   {
 308              		.loc 1 286 5 is_stmt 0 view .LVU69
 309 0004 28B9     		cbnz	r0, .L28
 288:USB_DEVICE/App/usbd_desc.c ****   }
 310              		.loc 1 288 5 is_stmt 1 view .LVU70
 311 0006 0549     		ldr	r1, .L31
 312              	.LVL20:
 288:USB_DEVICE/App/usbd_desc.c ****   }
 313              		.loc 1 288 5 is_stmt 0 view .LVU71
 314 0008 0548     		ldr	r0, .L31+4
 315              	.LVL21:
 288:USB_DEVICE/App/usbd_desc.c ****   }
 316              		.loc 1 288 5 view .LVU72
 317 000a FFF7FEFF 		bl	USBD_GetString
 318              	.LVL22:
 319              	.L29:
 294:USB_DEVICE/App/usbd_desc.c **** }
 320              		.loc 1 294 3 is_stmt 1 view .LVU73
 295:USB_DEVICE/App/usbd_desc.c **** 
 321              		.loc 1 295 1 is_stmt 0 view .LVU74
 322 000e 0348     		ldr	r0, .L31
 323 0010 08BD     		pop	{r3, pc}
 324              	.LVL23:
 325              	.L28:
 292:USB_DEVICE/App/usbd_desc.c ****   }
 326              		.loc 1 292 5 is_stmt 1 view .LVU75
 327 0012 0249     		ldr	r1, .L31
 328              	.LVL24:
 292:USB_DEVICE/App/usbd_desc.c ****   }
 329              		.loc 1 292 5 is_stmt 0 view .LVU76
ARM GAS  /tmp/cc9HHm57.s 			page 15


 330 0014 0248     		ldr	r0, .L31+4
 331              	.LVL25:
 292:USB_DEVICE/App/usbd_desc.c ****   }
 332              		.loc 1 292 5 view .LVU77
 333 0016 FFF7FEFF 		bl	USBD_GetString
 334              	.LVL26:
 292:USB_DEVICE/App/usbd_desc.c ****   }
 335              		.loc 1 292 5 view .LVU78
 336 001a F8E7     		b	.L29
 337              	.L32:
 338              		.align	2
 339              	.L31:
 340 001c 00000000 		.word	USBD_StrDesc
 341 0020 00000000 		.word	.LC0
 342              		.cfi_endproc
 343              	.LFE241:
 345              		.section	.text.USBD_FS_ManufacturerStrDescriptor,"ax",%progbits
 346              		.align	1
 347              		.global	USBD_FS_ManufacturerStrDescriptor
 348              		.syntax unified
 349              		.thumb
 350              		.thumb_func
 351              		.fpu fpv4-sp-d16
 353              	USBD_FS_ManufacturerStrDescriptor:
 354              	.LVL27:
 355              	.LFB242:
 304:USB_DEVICE/App/usbd_desc.c ****   UNUSED(speed);
 356              		.loc 1 304 1 is_stmt 1 view -0
 357              		.cfi_startproc
 358              		@ args = 0, pretend = 0, frame = 0
 359              		@ frame_needed = 0, uses_anonymous_args = 0
 304:USB_DEVICE/App/usbd_desc.c ****   UNUSED(speed);
 360              		.loc 1 304 1 is_stmt 0 view .LVU80
 361 0000 10B5     		push	{r4, lr}
 362              	.LCFI5:
 363              		.cfi_def_cfa_offset 8
 364              		.cfi_offset 4, -8
 365              		.cfi_offset 14, -4
 305:USB_DEVICE/App/usbd_desc.c ****   USBD_GetString((uint8_t *)USBD_MANUFACTURER_STRING, USBD_StrDesc, length);
 366              		.loc 1 305 3 is_stmt 1 view .LVU81
 306:USB_DEVICE/App/usbd_desc.c ****   return USBD_StrDesc;
 367              		.loc 1 306 3 view .LVU82
 368 0002 044C     		ldr	r4, .L35
 369 0004 0A46     		mov	r2, r1
 370 0006 2146     		mov	r1, r4
 371              	.LVL28:
 306:USB_DEVICE/App/usbd_desc.c ****   return USBD_StrDesc;
 372              		.loc 1 306 3 is_stmt 0 view .LVU83
 373 0008 0348     		ldr	r0, .L35+4
 374              	.LVL29:
 306:USB_DEVICE/App/usbd_desc.c ****   return USBD_StrDesc;
 375              		.loc 1 306 3 view .LVU84
 376 000a FFF7FEFF 		bl	USBD_GetString
 377              	.LVL30:
 307:USB_DEVICE/App/usbd_desc.c **** }
 378              		.loc 1 307 3 is_stmt 1 view .LVU85
 308:USB_DEVICE/App/usbd_desc.c **** 
ARM GAS  /tmp/cc9HHm57.s 			page 16


 379              		.loc 1 308 1 is_stmt 0 view .LVU86
 380 000e 2046     		mov	r0, r4
 381 0010 10BD     		pop	{r4, pc}
 382              	.L36:
 383 0012 00BF     		.align	2
 384              	.L35:
 385 0014 00000000 		.word	USBD_StrDesc
 386 0018 00000000 		.word	.LC1
 387              		.cfi_endproc
 388              	.LFE242:
 390              		.section	.text.USBD_FS_ConfigStrDescriptor,"ax",%progbits
 391              		.align	1
 392              		.global	USBD_FS_ConfigStrDescriptor
 393              		.syntax unified
 394              		.thumb
 395              		.thumb_func
 396              		.fpu fpv4-sp-d16
 398              	USBD_FS_ConfigStrDescriptor:
 399              	.LVL31:
 400              	.LFB244:
 337:USB_DEVICE/App/usbd_desc.c ****   if(speed == USBD_SPEED_HIGH)
 401              		.loc 1 337 1 is_stmt 1 view -0
 402              		.cfi_startproc
 403              		@ args = 0, pretend = 0, frame = 0
 404              		@ frame_needed = 0, uses_anonymous_args = 0
 337:USB_DEVICE/App/usbd_desc.c ****   if(speed == USBD_SPEED_HIGH)
 405              		.loc 1 337 1 is_stmt 0 view .LVU88
 406 0000 08B5     		push	{r3, lr}
 407              	.LCFI6:
 408              		.cfi_def_cfa_offset 8
 409              		.cfi_offset 3, -8
 410              		.cfi_offset 14, -4
 411 0002 0A46     		mov	r2, r1
 338:USB_DEVICE/App/usbd_desc.c ****   {
 412              		.loc 1 338 3 is_stmt 1 view .LVU89
 338:USB_DEVICE/App/usbd_desc.c ****   {
 413              		.loc 1 338 5 is_stmt 0 view .LVU90
 414 0004 28B9     		cbnz	r0, .L38
 340:USB_DEVICE/App/usbd_desc.c ****   }
 415              		.loc 1 340 5 is_stmt 1 view .LVU91
 416 0006 0549     		ldr	r1, .L41
 417              	.LVL32:
 340:USB_DEVICE/App/usbd_desc.c ****   }
 418              		.loc 1 340 5 is_stmt 0 view .LVU92
 419 0008 0548     		ldr	r0, .L41+4
 420              	.LVL33:
 340:USB_DEVICE/App/usbd_desc.c ****   }
 421              		.loc 1 340 5 view .LVU93
 422 000a FFF7FEFF 		bl	USBD_GetString
 423              	.LVL34:
 424              	.L39:
 346:USB_DEVICE/App/usbd_desc.c **** }
 425              		.loc 1 346 3 is_stmt 1 view .LVU94
 347:USB_DEVICE/App/usbd_desc.c **** 
 426              		.loc 1 347 1 is_stmt 0 view .LVU95
 427 000e 0348     		ldr	r0, .L41
 428 0010 08BD     		pop	{r3, pc}
ARM GAS  /tmp/cc9HHm57.s 			page 17


 429              	.LVL35:
 430              	.L38:
 344:USB_DEVICE/App/usbd_desc.c ****   }
 431              		.loc 1 344 5 is_stmt 1 view .LVU96
 432 0012 0249     		ldr	r1, .L41
 433              	.LVL36:
 344:USB_DEVICE/App/usbd_desc.c ****   }
 434              		.loc 1 344 5 is_stmt 0 view .LVU97
 435 0014 0248     		ldr	r0, .L41+4
 436              	.LVL37:
 344:USB_DEVICE/App/usbd_desc.c ****   }
 437              		.loc 1 344 5 view .LVU98
 438 0016 FFF7FEFF 		bl	USBD_GetString
 439              	.LVL38:
 344:USB_DEVICE/App/usbd_desc.c ****   }
 440              		.loc 1 344 5 view .LVU99
 441 001a F8E7     		b	.L39
 442              	.L42:
 443              		.align	2
 444              	.L41:
 445 001c 00000000 		.word	USBD_StrDesc
 446 0020 00000000 		.word	.LC2
 447              		.cfi_endproc
 448              	.LFE244:
 450              		.section	.text.USBD_FS_InterfaceStrDescriptor,"ax",%progbits
 451              		.align	1
 452              		.global	USBD_FS_InterfaceStrDescriptor
 453              		.syntax unified
 454              		.thumb
 455              		.thumb_func
 456              		.fpu fpv4-sp-d16
 458              	USBD_FS_InterfaceStrDescriptor:
 459              	.LVL39:
 460              	.LFB245:
 356:USB_DEVICE/App/usbd_desc.c ****   if(speed == 0)
 461              		.loc 1 356 1 is_stmt 1 view -0
 462              		.cfi_startproc
 463              		@ args = 0, pretend = 0, frame = 0
 464              		@ frame_needed = 0, uses_anonymous_args = 0
 356:USB_DEVICE/App/usbd_desc.c ****   if(speed == 0)
 465              		.loc 1 356 1 is_stmt 0 view .LVU101
 466 0000 08B5     		push	{r3, lr}
 467              	.LCFI7:
 468              		.cfi_def_cfa_offset 8
 469              		.cfi_offset 3, -8
 470              		.cfi_offset 14, -4
 471 0002 0A46     		mov	r2, r1
 357:USB_DEVICE/App/usbd_desc.c ****   {
 472              		.loc 1 357 3 is_stmt 1 view .LVU102
 357:USB_DEVICE/App/usbd_desc.c ****   {
 473              		.loc 1 357 5 is_stmt 0 view .LVU103
 474 0004 28B9     		cbnz	r0, .L44
 359:USB_DEVICE/App/usbd_desc.c ****   }
 475              		.loc 1 359 5 is_stmt 1 view .LVU104
 476 0006 0549     		ldr	r1, .L47
 477              	.LVL40:
 359:USB_DEVICE/App/usbd_desc.c ****   }
ARM GAS  /tmp/cc9HHm57.s 			page 18


 478              		.loc 1 359 5 is_stmt 0 view .LVU105
 479 0008 0548     		ldr	r0, .L47+4
 480              	.LVL41:
 359:USB_DEVICE/App/usbd_desc.c ****   }
 481              		.loc 1 359 5 view .LVU106
 482 000a FFF7FEFF 		bl	USBD_GetString
 483              	.LVL42:
 484              	.L45:
 365:USB_DEVICE/App/usbd_desc.c **** }
 485              		.loc 1 365 3 is_stmt 1 view .LVU107
 366:USB_DEVICE/App/usbd_desc.c **** 
 486              		.loc 1 366 1 is_stmt 0 view .LVU108
 487 000e 0348     		ldr	r0, .L47
 488 0010 08BD     		pop	{r3, pc}
 489              	.LVL43:
 490              	.L44:
 363:USB_DEVICE/App/usbd_desc.c ****   }
 491              		.loc 1 363 5 is_stmt 1 view .LVU109
 492 0012 0249     		ldr	r1, .L47
 493              	.LVL44:
 363:USB_DEVICE/App/usbd_desc.c ****   }
 494              		.loc 1 363 5 is_stmt 0 view .LVU110
 495 0014 0248     		ldr	r0, .L47+4
 496              	.LVL45:
 363:USB_DEVICE/App/usbd_desc.c ****   }
 497              		.loc 1 363 5 view .LVU111
 498 0016 FFF7FEFF 		bl	USBD_GetString
 499              	.LVL46:
 363:USB_DEVICE/App/usbd_desc.c ****   }
 500              		.loc 1 363 5 view .LVU112
 501 001a F8E7     		b	.L45
 502              	.L48:
 503              		.align	2
 504              	.L47:
 505 001c 00000000 		.word	USBD_StrDesc
 506 0020 00000000 		.word	.LC3
 507              		.cfi_endproc
 508              	.LFE245:
 510              		.global	USBD_StringSerial
 511              		.comm	USBD_StrDesc,512,4
 512              		.global	USBD_LangIDDesc
 513              		.global	USBD_FS_DeviceDesc
 514              		.global	FS_Desc
 515              		.section	.data.FS_Desc,"aw"
 516              		.align	2
 519              	FS_Desc:
 520 0000 00000000 		.word	USBD_FS_DeviceDescriptor
 521 0004 00000000 		.word	USBD_FS_LangIDStrDescriptor
 522 0008 00000000 		.word	USBD_FS_ManufacturerStrDescriptor
 523 000c 00000000 		.word	USBD_FS_ProductStrDescriptor
 524 0010 00000000 		.word	USBD_FS_SerialStrDescriptor
 525 0014 00000000 		.word	USBD_FS_ConfigStrDescriptor
 526 0018 00000000 		.word	USBD_FS_InterfaceStrDescriptor
 527              		.section	.data.USBD_FS_DeviceDesc,"aw"
 528              		.align	2
 529              		.set	.LANCHOR0,. + 0
 532              	USBD_FS_DeviceDesc:
ARM GAS  /tmp/cc9HHm57.s 			page 19


 533 0000 12       		.byte	18
 534 0001 01       		.byte	1
 535 0002 00       		.byte	0
 536 0003 02       		.byte	2
 537 0004 02       		.byte	2
 538 0005 02       		.byte	2
 539 0006 00       		.byte	0
 540 0007 40       		.byte	64
 541 0008 83       		.byte	-125
 542 0009 04       		.byte	4
 543 000a 40       		.byte	64
 544 000b 57       		.byte	87
 545 000c 00       		.byte	0
 546 000d 02       		.byte	2
 547 000e 01       		.byte	1
 548 000f 02       		.byte	2
 549 0010 03       		.byte	3
 550 0011 01       		.byte	1
 551              		.section	.data.USBD_LangIDDesc,"aw"
 552              		.align	2
 553              		.set	.LANCHOR1,. + 0
 556              	USBD_LangIDDesc:
 557 0000 04       		.byte	4
 558 0001 03       		.byte	3
 559 0002 09       		.byte	9
 560 0003 04       		.byte	4
 561              		.section	.data.USBD_StringSerial,"aw"
 562              		.align	2
 563              		.set	.LANCHOR2,. + 0
 566              	USBD_StringSerial:
 567 0000 1A       		.byte	26
 568 0001 03       		.byte	3
 569 0002 00000000 		.space	24
 569      00000000 
 569      00000000 
 569      00000000 
 569      00000000 
 570              		.section	.rodata.USBD_FS_ConfigStrDescriptor.str1.4,"aMS",%progbits,1
 571              		.align	2
 572              	.LC2:
 573 0000 43444320 		.ascii	"CDC Config\000"
 573      436F6E66 
 573      696700
 574              		.section	.rodata.USBD_FS_InterfaceStrDescriptor.str1.4,"aMS",%progbits,1
 575              		.align	2
 576              	.LC3:
 577 0000 43444320 		.ascii	"CDC Interface\000"
 577      496E7465 
 577      72666163 
 577      6500
 578              		.section	.rodata.USBD_FS_ManufacturerStrDescriptor.str1.4,"aMS",%progbits,1
 579              		.align	2
 580              	.LC1:
 581 0000 4D494E20 		.ascii	"MIN WORKS\000"
 581      574F524B 
 581      5300
 582              		.section	.rodata.USBD_FS_ProductStrDescriptor.str1.4,"aMS",%progbits,1
ARM GAS  /tmp/cc9HHm57.s 			page 20


 583              		.align	2
 584              	.LC0:
 585 0000 432E522E 		.ascii	"C.R.A.M\000"
 585      412E4D00 
 586              		.text
 587              	.Letext0:
 588              		.file 2 "/usr/include/newlib/machine/_default_types.h"
 589              		.file 3 "/usr/lib/gcc/arm-none-eabi/8.3.1/include/stddef.h"
 590              		.file 4 "/usr/include/newlib/sys/_types.h"
 591              		.file 5 "/usr/include/newlib/sys/reent.h"
 592              		.file 6 "/usr/include/newlib/sys/lock.h"
 593              		.file 7 "/usr/include/newlib/sys/_stdint.h"
 594              		.file 8 "/usr/include/newlib/stdlib.h"
 595              		.file 9 "Drivers/CMSIS/Include/core_cm4.h"
 596              		.file 10 "Drivers/CMSIS/Device/ST/STM32F4xx/Include/system_stm32f4xx.h"
 597              		.file 11 "Drivers/STM32F4xx_HAL_Driver/Inc/stm32f4xx_hal.h"
 598              		.file 12 "Middlewares/ST/STM32_USB_Device_Library/Core/Inc/usbd_def.h"
 599              		.file 13 "USB_DEVICE/App/usbd_desc.h"
 600              		.file 14 "Middlewares/ST/STM32_USB_Device_Library/Core/Inc/usbd_ctlreq.h"
ARM GAS  /tmp/cc9HHm57.s 			page 21


DEFINED SYMBOLS
                            *ABS*:0000000000000000 usbd_desc.c
     /tmp/cc9HHm57.s:18     .text.USBD_FS_DeviceDescriptor:0000000000000000 $t
     /tmp/cc9HHm57.s:26     .text.USBD_FS_DeviceDescriptor:0000000000000000 USBD_FS_DeviceDescriptor
     /tmp/cc9HHm57.s:49     .text.USBD_FS_DeviceDescriptor:0000000000000008 $d
     /tmp/cc9HHm57.s:54     .text.USBD_FS_LangIDStrDescriptor:0000000000000000 $t
     /tmp/cc9HHm57.s:61     .text.USBD_FS_LangIDStrDescriptor:0000000000000000 USBD_FS_LangIDStrDescriptor
     /tmp/cc9HHm57.s:83     .text.USBD_FS_LangIDStrDescriptor:0000000000000008 $d
     /tmp/cc9HHm57.s:88     .text.IntToUnicode:0000000000000000 $t
     /tmp/cc9HHm57.s:94     .text.IntToUnicode:0000000000000000 IntToUnicode
     /tmp/cc9HHm57.s:173    .text.Get_SerialNum:0000000000000000 $t
     /tmp/cc9HHm57.s:179    .text.Get_SerialNum:0000000000000000 Get_SerialNum
     /tmp/cc9HHm57.s:240    .text.Get_SerialNum:000000000000002c $d
     /tmp/cc9HHm57.s:246    .text.USBD_FS_SerialStrDescriptor:0000000000000000 $t
     /tmp/cc9HHm57.s:253    .text.USBD_FS_SerialStrDescriptor:0000000000000000 USBD_FS_SerialStrDescriptor
     /tmp/cc9HHm57.s:281    .text.USBD_FS_SerialStrDescriptor:0000000000000010 $d
     /tmp/cc9HHm57.s:286    .text.USBD_FS_ProductStrDescriptor:0000000000000000 $t
     /tmp/cc9HHm57.s:293    .text.USBD_FS_ProductStrDescriptor:0000000000000000 USBD_FS_ProductStrDescriptor
     /tmp/cc9HHm57.s:340    .text.USBD_FS_ProductStrDescriptor:000000000000001c $d
                            *COM*:0000000000000200 USBD_StrDesc
     /tmp/cc9HHm57.s:346    .text.USBD_FS_ManufacturerStrDescriptor:0000000000000000 $t
     /tmp/cc9HHm57.s:353    .text.USBD_FS_ManufacturerStrDescriptor:0000000000000000 USBD_FS_ManufacturerStrDescriptor
     /tmp/cc9HHm57.s:385    .text.USBD_FS_ManufacturerStrDescriptor:0000000000000014 $d
     /tmp/cc9HHm57.s:391    .text.USBD_FS_ConfigStrDescriptor:0000000000000000 $t
     /tmp/cc9HHm57.s:398    .text.USBD_FS_ConfigStrDescriptor:0000000000000000 USBD_FS_ConfigStrDescriptor
     /tmp/cc9HHm57.s:445    .text.USBD_FS_ConfigStrDescriptor:000000000000001c $d
     /tmp/cc9HHm57.s:451    .text.USBD_FS_InterfaceStrDescriptor:0000000000000000 $t
     /tmp/cc9HHm57.s:458    .text.USBD_FS_InterfaceStrDescriptor:0000000000000000 USBD_FS_InterfaceStrDescriptor
     /tmp/cc9HHm57.s:505    .text.USBD_FS_InterfaceStrDescriptor:000000000000001c $d
     /tmp/cc9HHm57.s:566    .data.USBD_StringSerial:0000000000000000 USBD_StringSerial
     /tmp/cc9HHm57.s:556    .data.USBD_LangIDDesc:0000000000000000 USBD_LangIDDesc
     /tmp/cc9HHm57.s:532    .data.USBD_FS_DeviceDesc:0000000000000000 USBD_FS_DeviceDesc
     /tmp/cc9HHm57.s:519    .data.FS_Desc:0000000000000000 FS_Desc
     /tmp/cc9HHm57.s:516    .data.FS_Desc:0000000000000000 $d
     /tmp/cc9HHm57.s:528    .data.USBD_FS_DeviceDesc:0000000000000000 $d
     /tmp/cc9HHm57.s:552    .data.USBD_LangIDDesc:0000000000000000 $d
     /tmp/cc9HHm57.s:562    .data.USBD_StringSerial:0000000000000000 $d
     /tmp/cc9HHm57.s:571    .rodata.USBD_FS_ConfigStrDescriptor.str1.4:0000000000000000 $d
     /tmp/cc9HHm57.s:575    .rodata.USBD_FS_InterfaceStrDescriptor.str1.4:0000000000000000 $d
     /tmp/cc9HHm57.s:579    .rodata.USBD_FS_ManufacturerStrDescriptor.str1.4:0000000000000000 $d
     /tmp/cc9HHm57.s:583    .rodata.USBD_FS_ProductStrDescriptor.str1.4:0000000000000000 $d

UNDEFINED SYMBOLS
USBD_GetString
